CRITICAL - 2024-07-11 00:48:02 --> CodeIgniter\Format\Exceptions\FormatException: Failed to parse JSON string. Error: Malformed UTF-8 characters, possibly incorrectly encoded
[Method: GET, Route: admin_Students/getStudent/1]
in SYSTEMPATH\Format\JSONFormatter.php on line 45.
 1 SYSTEMPATH\Format\JSONFormatter.php(45): CodeIgniter\Format\Exceptions\FormatException::forInvalidJSON('Malformed UTF-8 characters, possibly incorrectly encoded')
 2 SYSTEMPATH\HTTP\ResponseTrait.php(249): CodeIgniter\Format\JSONFormatter->format([...])
 3 SYSTEMPATH\HTTP\ResponseTrait.php(175): CodeIgniter\HTTP\Response->formatBody([...], 'json')
 4 APPPATH\Controllers\SecuritechController.php(125): CodeIgniter\HTTP\Response->setJSON([...])
 5 SYSTEMPATH\CodeIgniter.php(933): App\Controllers\SecuritechController->getStudent('1')
 6 SYSTEMPATH\CodeIgniter.php(509): CodeIgniter\CodeIgniter->runController(Object(App\Controllers\SecuritechController))
 7 SYSTEMPATH\CodeIgniter.php(355): CodeIgniter\CodeIgniter->handleRequest(null, Object(Config\Cache), false)
 8 SYSTEMPATH\Boot.php(325): CodeIgniter\CodeIgniter->run()
 9 SYSTEMPATH\Boot.php(67): CodeIgniter\Boot::runCodeIgniter(Object(CodeIgniter\CodeIgniter))
10 FCPATH\index.php(56): CodeIgniter\Boot::bootWeb(Object(Config\Paths))
CRITICAL - 2024-07-11 00:48:06 --> CodeIgniter\Format\Exceptions\FormatException: Failed to parse JSON string. Error: Malformed UTF-8 characters, possibly incorrectly encoded
[Method: GET, Route: admin_Students/getStudent/1]
in SYSTEMPATH\Format\JSONFormatter.php on line 45.
 1 SYSTEMPATH\Format\JSONFormatter.php(45): CodeIgniter\Format\Exceptions\FormatException::forInvalidJSON('Malformed UTF-8 characters, possibly incorrectly encoded')
 2 SYSTEMPATH\HTTP\ResponseTrait.php(249): CodeIgniter\Format\JSONFormatter->format([...])
 3 SYSTEMPATH\HTTP\ResponseTrait.php(175): CodeIgniter\HTTP\Response->formatBody([...], 'json')
 4 APPPATH\Controllers\SecuritechController.php(125): CodeIgniter\HTTP\Response->setJSON([...])
 5 SYSTEMPATH\CodeIgniter.php(933): App\Controllers\SecuritechController->getStudent('1')
 6 SYSTEMPATH\CodeIgniter.php(509): CodeIgniter\CodeIgniter->runController(Object(App\Controllers\SecuritechController))
 7 SYSTEMPATH\CodeIgniter.php(355): CodeIgniter\CodeIgniter->handleRequest(null, Object(Config\Cache), false)
 8 SYSTEMPATH\Boot.php(325): CodeIgniter\CodeIgniter->run()
 9 SYSTEMPATH\Boot.php(67): CodeIgniter\Boot::runCodeIgniter(Object(CodeIgniter\CodeIgniter))
10 FCPATH\index.php(56): CodeIgniter\Boot::bootWeb(Object(Config\Paths))
CRITICAL - 2024-07-11 01:26:02 --> CodeIgniter\Format\Exceptions\FormatException: Failed to parse JSON string. Error: Malformed UTF-8 characters, possibly incorrectly encoded
[Method: GET, Route: admin_Students/getStudent/1]
in SYSTEMPATH\Format\JSONFormatter.php on line 45.
 1 SYSTEMPATH\Format\JSONFormatter.php(45): CodeIgniter\Format\Exceptions\FormatException::forInvalidJSON('Malformed UTF-8 characters, possibly incorrectly encoded')
 2 SYSTEMPATH\HTTP\ResponseTrait.php(249): CodeIgniter\Format\JSONFormatter->format([...])
 3 SYSTEMPATH\HTTP\ResponseTrait.php(175): CodeIgniter\HTTP\Response->formatBody([...], 'json')
 4 APPPATH\Controllers\SecuritechController.php(125): CodeIgniter\HTTP\Response->setJSON([...])
 5 SYSTEMPATH\CodeIgniter.php(933): App\Controllers\SecuritechController->getStudent('1')
 6 SYSTEMPATH\CodeIgniter.php(509): CodeIgniter\CodeIgniter->runController(Object(App\Controllers\SecuritechController))
 7 SYSTEMPATH\CodeIgniter.php(355): CodeIgniter\CodeIgniter->handleRequest(null, Object(Config\Cache), false)
 8 SYSTEMPATH\Boot.php(325): CodeIgniter\CodeIgniter->run()
 9 SYSTEMPATH\Boot.php(67): CodeIgniter\Boot::runCodeIgniter(Object(CodeIgniter\CodeIgniter))
10 FCPATH\index.php(56): CodeIgniter\Boot::bootWeb(Object(Config\Paths))
CRITICAL - 2024-07-11 01:41:18 --> CodeIgniter\Format\Exceptions\FormatException: Failed to parse JSON string. Error: Malformed UTF-8 characters, possibly incorrectly encoded
[Method: GET, Route: admin_Students/getStudent/1]
in SYSTEMPATH\Format\JSONFormatter.php on line 45.
 1 SYSTEMPATH\Format\JSONFormatter.php(45): CodeIgniter\Format\Exceptions\FormatException::forInvalidJSON('Malformed UTF-8 characters, possibly incorrectly encoded')
 2 SYSTEMPATH\HTTP\ResponseTrait.php(249): CodeIgniter\Format\JSONFormatter->format([...])
 3 SYSTEMPATH\HTTP\ResponseTrait.php(175): CodeIgniter\HTTP\Response->formatBody([...], 'json')
 4 APPPATH\Controllers\SecuritechController.php(125): CodeIgniter\HTTP\Response->setJSON([...])
 5 SYSTEMPATH\CodeIgniter.php(933): App\Controllers\SecuritechController->getStudent('1')
 6 SYSTEMPATH\CodeIgniter.php(509): CodeIgniter\CodeIgniter->runController(Object(App\Controllers\SecuritechController))
 7 SYSTEMPATH\CodeIgniter.php(355): CodeIgniter\CodeIgniter->handleRequest(null, Object(Config\Cache), false)
 8 SYSTEMPATH\Boot.php(325): CodeIgniter\CodeIgniter->run()
 9 SYSTEMPATH\Boot.php(67): CodeIgniter\Boot::runCodeIgniter(Object(CodeIgniter\CodeIgniter))
10 FCPATH\index.php(56): CodeIgniter\Boot::bootWeb(Object(Config\Paths))
CRITICAL - 2024-07-11 01:41:21 --> CodeIgniter\Format\Exceptions\FormatException: Failed to parse JSON string. Error: Malformed UTF-8 characters, possibly incorrectly encoded
[Method: GET, Route: admin_Students/getStudent/2]
in SYSTEMPATH\Format\JSONFormatter.php on line 45.
 1 SYSTEMPATH\Format\JSONFormatter.php(45): CodeIgniter\Format\Exceptions\FormatException::forInvalidJSON('Malformed UTF-8 characters, possibly incorrectly encoded')
 2 SYSTEMPATH\HTTP\ResponseTrait.php(249): CodeIgniter\Format\JSONFormatter->format([...])
 3 SYSTEMPATH\HTTP\ResponseTrait.php(175): CodeIgniter\HTTP\Response->formatBody([...], 'json')
 4 APPPATH\Controllers\SecuritechController.php(125): CodeIgniter\HTTP\Response->setJSON([...])
 5 SYSTEMPATH\CodeIgniter.php(933): App\Controllers\SecuritechController->getStudent('2')
 6 SYSTEMPATH\CodeIgniter.php(509): CodeIgniter\CodeIgniter->runController(Object(App\Controllers\SecuritechController))
 7 SYSTEMPATH\CodeIgniter.php(355): CodeIgniter\CodeIgniter->handleRequest(null, Object(Config\Cache), false)
 8 SYSTEMPATH\Boot.php(325): CodeIgniter\CodeIgniter->run()
 9 SYSTEMPATH\Boot.php(67): CodeIgniter\Boot::runCodeIgniter(Object(CodeIgniter\CodeIgniter))
10 FCPATH\index.php(56): CodeIgniter\Boot::bootWeb(Object(Config\Paths))
CRITICAL - 2024-07-11 01:41:24 --> CodeIgniter\Format\Exceptions\FormatException: Failed to parse JSON string. Error: Malformed UTF-8 characters, possibly incorrectly encoded
[Method: GET, Route: admin_Students/getStudent/4]
in SYSTEMPATH\Format\JSONFormatter.php on line 45.
 1 SYSTEMPATH\Format\JSONFormatter.php(45): CodeIgniter\Format\Exceptions\FormatException::forInvalidJSON('Malformed UTF-8 characters, possibly incorrectly encoded')
 2 SYSTEMPATH\HTTP\ResponseTrait.php(249): CodeIgniter\Format\JSONFormatter->format([...])
 3 SYSTEMPATH\HTTP\ResponseTrait.php(175): CodeIgniter\HTTP\Response->formatBody([...], 'json')
 4 APPPATH\Controllers\SecuritechController.php(125): CodeIgniter\HTTP\Response->setJSON([...])
 5 SYSTEMPATH\CodeIgniter.php(933): App\Controllers\SecuritechController->getStudent('4')
 6 SYSTEMPATH\CodeIgniter.php(509): CodeIgniter\CodeIgniter->runController(Object(App\Controllers\SecuritechController))
 7 SYSTEMPATH\CodeIgniter.php(355): CodeIgniter\CodeIgniter->handleRequest(null, Object(Config\Cache), false)
 8 SYSTEMPATH\Boot.php(325): CodeIgniter\CodeIgniter->run()
 9 SYSTEMPATH\Boot.php(67): CodeIgniter\Boot::runCodeIgniter(Object(CodeIgniter\CodeIgniter))
10 FCPATH\index.php(56): CodeIgniter\Boot::bootWeb(Object(Config\Paths))
