CRITICAL - 2024-07-10 04:59:26 --> CodeIgniter\Format\Exceptions\FormatException: Failed to parse JSON string. Error: Malformed UTF-8 characters, possibly incorrectly encoded
[Method: GET, Route: admin_Students/getStudent/1]
in SYSTEMPATH\Format\JSONFormatter.php on line 45.
 1 SYSTEMPATH\Format\JSONFormatter.php(45): CodeIgniter\Format\Exceptions\FormatException::forInvalidJSON('Malformed UTF-8 characters, possibly incorrectly encoded')
 2 SYSTEMPATH\HTTP\ResponseTrait.php(249): CodeIgniter\Format\JSONFormatter->format([...])
 3 SYSTEMPATH\HTTP\ResponseTrait.php(175): CodeIgniter\HTTP\Response->formatBody([...], 'json')
 4 APPPATH\Controllers\SecuritechController.php(124): CodeIgniter\HTTP\Response->setJSON([...])
 5 SYSTEMPATH\CodeIgniter.php(933): App\Controllers\SecuritechController->getStudent('1')
 6 SYSTEMPATH\CodeIgniter.php(509): CodeIgniter\CodeIgniter->runController(Object(App\Controllers\SecuritechController))
 7 SYSTEMPATH\CodeIgniter.php(355): CodeIgniter\CodeIgniter->handleRequest(null, Object(Config\Cache), false)
 8 SYSTEMPATH\Boot.php(325): CodeIgniter\CodeIgniter->run()
 9 SYSTEMPATH\Boot.php(67): CodeIgniter\Boot::runCodeIgniter(Object(CodeIgniter\CodeIgniter))
10 FCPATH\index.php(56): CodeIgniter\Boot::bootWeb(Object(Config\Paths))
CRITICAL - 2024-07-10 04:59:37 --> CodeIgniter\Format\Exceptions\FormatException: Failed to parse JSON string. Error: Malformed UTF-8 characters, possibly incorrectly encoded
[Method: GET, Route: admin_Students/getStudent/1]
in SYSTEMPATH\Format\JSONFormatter.php on line 45.
 1 SYSTEMPATH\Format\JSONFormatter.php(45): CodeIgniter\Format\Exceptions\FormatException::forInvalidJSON('Malformed UTF-8 characters, possibly incorrectly encoded')
 2 SYSTEMPATH\HTTP\ResponseTrait.php(249): CodeIgniter\Format\JSONFormatter->format([...])
 3 SYSTEMPATH\HTTP\ResponseTrait.php(175): CodeIgniter\HTTP\Response->formatBody([...], 'json')
 4 APPPATH\Controllers\SecuritechController.php(124): CodeIgniter\HTTP\Response->setJSON([...])
 5 SYSTEMPATH\CodeIgniter.php(933): App\Controllers\SecuritechController->getStudent('1')
 6 SYSTEMPATH\CodeIgniter.php(509): CodeIgniter\CodeIgniter->runController(Object(App\Controllers\SecuritechController))
 7 SYSTEMPATH\CodeIgniter.php(355): CodeIgniter\CodeIgniter->handleRequest(null, Object(Config\Cache), false)
 8 SYSTEMPATH\Boot.php(325): CodeIgniter\CodeIgniter->run()
 9 SYSTEMPATH\Boot.php(67): CodeIgniter\Boot::runCodeIgniter(Object(CodeIgniter\CodeIgniter))
10 FCPATH\index.php(56): CodeIgniter\Boot::bootWeb(Object(Config\Paths))
CRITICAL - 2024-07-10 05:03:21 --> CodeIgniter\Format\Exceptions\FormatException: Failed to parse JSON string. Error: Malformed UTF-8 characters, possibly incorrectly encoded
[Method: GET, Route: admin_Students/getStudent/2]
in SYSTEMPATH\Format\JSONFormatter.php on line 45.
 1 SYSTEMPATH\Format\JSONFormatter.php(45): CodeIgniter\Format\Exceptions\FormatException::forInvalidJSON('Malformed UTF-8 characters, possibly incorrectly encoded')
 2 SYSTEMPATH\HTTP\ResponseTrait.php(249): CodeIgniter\Format\JSONFormatter->format([...])
 3 SYSTEMPATH\HTTP\ResponseTrait.php(175): CodeIgniter\HTTP\Response->formatBody([...], 'json')
 4 APPPATH\Controllers\SecuritechController.php(124): CodeIgniter\HTTP\Response->setJSON([...])
 5 SYSTEMPATH\CodeIgniter.php(933): App\Controllers\SecuritechController->getStudent('2')
 6 SYSTEMPATH\CodeIgniter.php(509): CodeIgniter\CodeIgniter->runController(Object(App\Controllers\SecuritechController))
 7 SYSTEMPATH\CodeIgniter.php(355): CodeIgniter\CodeIgniter->handleRequest(null, Object(Config\Cache), false)
 8 SYSTEMPATH\Boot.php(325): CodeIgniter\CodeIgniter->run()
 9 SYSTEMPATH\Boot.php(67): CodeIgniter\Boot::runCodeIgniter(Object(CodeIgniter\CodeIgniter))
10 FCPATH\index.php(56): CodeIgniter\Boot::bootWeb(Object(Config\Paths))
CRITICAL - 2024-07-10 05:03:35 --> CodeIgniter\Format\Exceptions\FormatException: Failed to parse JSON string. Error: Malformed UTF-8 characters, possibly incorrectly encoded
[Method: GET, Route: admin_Students/getStudent/1]
in SYSTEMPATH\Format\JSONFormatter.php on line 45.
 1 SYSTEMPATH\Format\JSONFormatter.php(45): CodeIgniter\Format\Exceptions\FormatException::forInvalidJSON('Malformed UTF-8 characters, possibly incorrectly encoded')
 2 SYSTEMPATH\HTTP\ResponseTrait.php(249): CodeIgniter\Format\JSONFormatter->format([...])
 3 SYSTEMPATH\HTTP\ResponseTrait.php(175): CodeIgniter\HTTP\Response->formatBody([...], 'json')
 4 APPPATH\Controllers\SecuritechController.php(124): CodeIgniter\HTTP\Response->setJSON([...])
 5 SYSTEMPATH\CodeIgniter.php(933): App\Controllers\SecuritechController->getStudent('1')
 6 SYSTEMPATH\CodeIgniter.php(509): CodeIgniter\CodeIgniter->runController(Object(App\Controllers\SecuritechController))
 7 SYSTEMPATH\CodeIgniter.php(355): CodeIgniter\CodeIgniter->handleRequest(null, Object(Config\Cache), false)
 8 SYSTEMPATH\Boot.php(325): CodeIgniter\CodeIgniter->run()
 9 SYSTEMPATH\Boot.php(67): CodeIgniter\Boot::runCodeIgniter(Object(CodeIgniter\CodeIgniter))
10 FCPATH\index.php(56): CodeIgniter\Boot::bootWeb(Object(Config\Paths))
CRITICAL - 2024-07-10 05:03:39 --> CodeIgniter\Format\Exceptions\FormatException: Failed to parse JSON string. Error: Malformed UTF-8 characters, possibly incorrectly encoded
[Method: GET, Route: admin_Students/getStudent/3]
in SYSTEMPATH\Format\JSONFormatter.php on line 45.
 1 SYSTEMPATH\Format\JSONFormatter.php(45): CodeIgniter\Format\Exceptions\FormatException::forInvalidJSON('Malformed UTF-8 characters, possibly incorrectly encoded')
 2 SYSTEMPATH\HTTP\ResponseTrait.php(249): CodeIgniter\Format\JSONFormatter->format([...])
 3 SYSTEMPATH\HTTP\ResponseTrait.php(175): CodeIgniter\HTTP\Response->formatBody([...], 'json')
 4 APPPATH\Controllers\SecuritechController.php(124): CodeIgniter\HTTP\Response->setJSON([...])
 5 SYSTEMPATH\CodeIgniter.php(933): App\Controllers\SecuritechController->getStudent('3')
 6 SYSTEMPATH\CodeIgniter.php(509): CodeIgniter\CodeIgniter->runController(Object(App\Controllers\SecuritechController))
 7 SYSTEMPATH\CodeIgniter.php(355): CodeIgniter\CodeIgniter->handleRequest(null, Object(Config\Cache), false)
 8 SYSTEMPATH\Boot.php(325): CodeIgniter\CodeIgniter->run()
 9 SYSTEMPATH\Boot.php(67): CodeIgniter\Boot::runCodeIgniter(Object(CodeIgniter\CodeIgniter))
10 FCPATH\index.php(56): CodeIgniter\Boot::bootWeb(Object(Config\Paths))
CRITICAL - 2024-07-10 05:03:45 --> CodeIgniter\Format\Exceptions\FormatException: Failed to parse JSON string. Error: Malformed UTF-8 characters, possibly incorrectly encoded
[Method: GET, Route: admin_Students/getStudent/1]
in SYSTEMPATH\Format\JSONFormatter.php on line 45.
 1 SYSTEMPATH\Format\JSONFormatter.php(45): CodeIgniter\Format\Exceptions\FormatException::forInvalidJSON('Malformed UTF-8 characters, possibly incorrectly encoded')
 2 SYSTEMPATH\HTTP\ResponseTrait.php(249): CodeIgniter\Format\JSONFormatter->format([...])
 3 SYSTEMPATH\HTTP\ResponseTrait.php(175): CodeIgniter\HTTP\Response->formatBody([...], 'json')
 4 APPPATH\Controllers\SecuritechController.php(124): CodeIgniter\HTTP\Response->setJSON([...])
 5 SYSTEMPATH\CodeIgniter.php(933): App\Controllers\SecuritechController->getStudent('1')
 6 SYSTEMPATH\CodeIgniter.php(509): CodeIgniter\CodeIgniter->runController(Object(App\Controllers\SecuritechController))
 7 SYSTEMPATH\CodeIgniter.php(355): CodeIgniter\CodeIgniter->handleRequest(null, Object(Config\Cache), false)
 8 SYSTEMPATH\Boot.php(325): CodeIgniter\CodeIgniter->run()
 9 SYSTEMPATH\Boot.php(67): CodeIgniter\Boot::runCodeIgniter(Object(CodeIgniter\CodeIgniter))
10 FCPATH\index.php(56): CodeIgniter\Boot::bootWeb(Object(Config\Paths))
CRITICAL - 2024-07-10 05:04:41 --> CodeIgniter\Format\Exceptions\FormatException: Failed to parse JSON string. Error: Malformed UTF-8 characters, possibly incorrectly encoded
[Method: GET, Route: admin_Students/getStudent/1]
in SYSTEMPATH\Format\JSONFormatter.php on line 45.
 1 SYSTEMPATH\Format\JSONFormatter.php(45): CodeIgniter\Format\Exceptions\FormatException::forInvalidJSON('Malformed UTF-8 characters, possibly incorrectly encoded')
 2 SYSTEMPATH\HTTP\ResponseTrait.php(249): CodeIgniter\Format\JSONFormatter->format([...])
 3 SYSTEMPATH\HTTP\ResponseTrait.php(175): CodeIgniter\HTTP\Response->formatBody([...], 'json')
 4 APPPATH\Controllers\SecuritechController.php(124): CodeIgniter\HTTP\Response->setJSON([...])
 5 SYSTEMPATH\CodeIgniter.php(933): App\Controllers\SecuritechController->getStudent('1')
 6 SYSTEMPATH\CodeIgniter.php(509): CodeIgniter\CodeIgniter->runController(Object(App\Controllers\SecuritechController))
 7 SYSTEMPATH\CodeIgniter.php(355): CodeIgniter\CodeIgniter->handleRequest(null, Object(Config\Cache), false)
 8 SYSTEMPATH\Boot.php(325): CodeIgniter\CodeIgniter->run()
 9 SYSTEMPATH\Boot.php(67): CodeIgniter\Boot::runCodeIgniter(Object(CodeIgniter\CodeIgniter))
10 FCPATH\index.php(56): CodeIgniter\Boot::bootWeb(Object(Config\Paths))
CRITICAL - 2024-07-10 05:05:52 --> CodeIgniter\Format\Exceptions\FormatException: Failed to parse JSON string. Error: Malformed UTF-8 characters, possibly incorrectly encoded
[Method: GET, Route: admin_Students/getStudent/1]
in SYSTEMPATH\Format\JSONFormatter.php on line 45.
 1 SYSTEMPATH\Format\JSONFormatter.php(45): CodeIgniter\Format\Exceptions\FormatException::forInvalidJSON('Malformed UTF-8 characters, possibly incorrectly encoded')
 2 SYSTEMPATH\HTTP\ResponseTrait.php(249): CodeIgniter\Format\JSONFormatter->format([...])
 3 SYSTEMPATH\HTTP\ResponseTrait.php(175): CodeIgniter\HTTP\Response->formatBody([...], 'json')
 4 APPPATH\Controllers\SecuritechController.php(124): CodeIgniter\HTTP\Response->setJSON([...])
 5 SYSTEMPATH\CodeIgniter.php(933): App\Controllers\SecuritechController->getStudent('1')
 6 SYSTEMPATH\CodeIgniter.php(509): CodeIgniter\CodeIgniter->runController(Object(App\Controllers\SecuritechController))
 7 SYSTEMPATH\CodeIgniter.php(355): CodeIgniter\CodeIgniter->handleRequest(null, Object(Config\Cache), false)
 8 SYSTEMPATH\Boot.php(325): CodeIgniter\CodeIgniter->run()
 9 SYSTEMPATH\Boot.php(67): CodeIgniter\Boot::runCodeIgniter(Object(CodeIgniter\CodeIgniter))
10 FCPATH\index.php(56): CodeIgniter\Boot::bootWeb(Object(Config\Paths))
CRITICAL - 2024-07-10 05:06:46 --> CodeIgniter\Format\Exceptions\FormatException: Failed to parse JSON string. Error: Malformed UTF-8 characters, possibly incorrectly encoded
[Method: GET, Route: admin_Students/getStudent/4]
in SYSTEMPATH\Format\JSONFormatter.php on line 45.
 1 SYSTEMPATH\Format\JSONFormatter.php(45): CodeIgniter\Format\Exceptions\FormatException::forInvalidJSON('Malformed UTF-8 characters, possibly incorrectly encoded')
 2 SYSTEMPATH\HTTP\ResponseTrait.php(249): CodeIgniter\Format\JSONFormatter->format([...])
 3 SYSTEMPATH\HTTP\ResponseTrait.php(175): CodeIgniter\HTTP\Response->formatBody([...], 'json')
 4 APPPATH\Controllers\SecuritechController.php(124): CodeIgniter\HTTP\Response->setJSON([...])
 5 SYSTEMPATH\CodeIgniter.php(933): App\Controllers\SecuritechController->getStudent('4')
 6 SYSTEMPATH\CodeIgniter.php(509): CodeIgniter\CodeIgniter->runController(Object(App\Controllers\SecuritechController))
 7 SYSTEMPATH\CodeIgniter.php(355): CodeIgniter\CodeIgniter->handleRequest(null, Object(Config\Cache), false)
 8 SYSTEMPATH\Boot.php(325): CodeIgniter\CodeIgniter->run()
 9 SYSTEMPATH\Boot.php(67): CodeIgniter\Boot::runCodeIgniter(Object(CodeIgniter\CodeIgniter))
10 FCPATH\index.php(56): CodeIgniter\Boot::bootWeb(Object(Config\Paths))
CRITICAL - 2024-07-10 05:09:30 --> CodeIgniter\Format\Exceptions\FormatException: Failed to parse JSON string. Error: Malformed UTF-8 characters, possibly incorrectly encoded
[Method: GET, Route: admin_Students/getStudent/1]
in SYSTEMPATH\Format\JSONFormatter.php on line 45.
 1 SYSTEMPATH\Format\JSONFormatter.php(45): CodeIgniter\Format\Exceptions\FormatException::forInvalidJSON('Malformed UTF-8 characters, possibly incorrectly encoded')
 2 SYSTEMPATH\HTTP\ResponseTrait.php(249): CodeIgniter\Format\JSONFormatter->format([...])
 3 SYSTEMPATH\HTTP\ResponseTrait.php(175): CodeIgniter\HTTP\Response->formatBody([...], 'json')
 4 APPPATH\Controllers\SecuritechController.php(124): CodeIgniter\HTTP\Response->setJSON([...])
 5 SYSTEMPATH\CodeIgniter.php(933): App\Controllers\SecuritechController->getStudent('1')
 6 SYSTEMPATH\CodeIgniter.php(509): CodeIgniter\CodeIgniter->runController(Object(App\Controllers\SecuritechController))
 7 SYSTEMPATH\CodeIgniter.php(355): CodeIgniter\CodeIgniter->handleRequest(null, Object(Config\Cache), false)
 8 SYSTEMPATH\Boot.php(325): CodeIgniter\CodeIgniter->run()
 9 SYSTEMPATH\Boot.php(67): CodeIgniter\Boot::runCodeIgniter(Object(CodeIgniter\CodeIgniter))
10 FCPATH\index.php(56): CodeIgniter\Boot::bootWeb(Object(Config\Paths))
CRITICAL - 2024-07-10 05:11:55 --> CodeIgniter\Format\Exceptions\FormatException: Failed to parse JSON string. Error: Malformed UTF-8 characters, possibly incorrectly encoded
[Method: GET, Route: admin_Students/getStudent/1]
in SYSTEMPATH\Format\JSONFormatter.php on line 45.
 1 SYSTEMPATH\Format\JSONFormatter.php(45): CodeIgniter\Format\Exceptions\FormatException::forInvalidJSON('Malformed UTF-8 characters, possibly incorrectly encoded')
 2 SYSTEMPATH\HTTP\ResponseTrait.php(249): CodeIgniter\Format\JSONFormatter->format([...])
 3 SYSTEMPATH\HTTP\ResponseTrait.php(175): CodeIgniter\HTTP\Response->formatBody([...], 'json')
 4 APPPATH\Controllers\SecuritechController.php(124): CodeIgniter\HTTP\Response->setJSON([...])
 5 SYSTEMPATH\CodeIgniter.php(933): App\Controllers\SecuritechController->getStudent('1')
 6 SYSTEMPATH\CodeIgniter.php(509): CodeIgniter\CodeIgniter->runController(Object(App\Controllers\SecuritechController))
 7 SYSTEMPATH\CodeIgniter.php(355): CodeIgniter\CodeIgniter->handleRequest(null, Object(Config\Cache), false)
 8 SYSTEMPATH\Boot.php(325): CodeIgniter\CodeIgniter->run()
 9 SYSTEMPATH\Boot.php(67): CodeIgniter\Boot::runCodeIgniter(Object(CodeIgniter\CodeIgniter))
10 FCPATH\index.php(56): CodeIgniter\Boot::bootWeb(Object(Config\Paths))
CRITICAL - 2024-07-10 05:11:58 --> CodeIgniter\Format\Exceptions\FormatException: Failed to parse JSON string. Error: Malformed UTF-8 characters, possibly incorrectly encoded
[Method: GET, Route: admin_Students/getStudent/2]
in SYSTEMPATH\Format\JSONFormatter.php on line 45.
 1 SYSTEMPATH\Format\JSONFormatter.php(45): CodeIgniter\Format\Exceptions\FormatException::forInvalidJSON('Malformed UTF-8 characters, possibly incorrectly encoded')
 2 SYSTEMPATH\HTTP\ResponseTrait.php(249): CodeIgniter\Format\JSONFormatter->format([...])
 3 SYSTEMPATH\HTTP\ResponseTrait.php(175): CodeIgniter\HTTP\Response->formatBody([...], 'json')
 4 APPPATH\Controllers\SecuritechController.php(124): CodeIgniter\HTTP\Response->setJSON([...])
 5 SYSTEMPATH\CodeIgniter.php(933): App\Controllers\SecuritechController->getStudent('2')
 6 SYSTEMPATH\CodeIgniter.php(509): CodeIgniter\CodeIgniter->runController(Object(App\Controllers\SecuritechController))
 7 SYSTEMPATH\CodeIgniter.php(355): CodeIgniter\CodeIgniter->handleRequest(null, Object(Config\Cache), false)
 8 SYSTEMPATH\Boot.php(325): CodeIgniter\CodeIgniter->run()
 9 SYSTEMPATH\Boot.php(67): CodeIgniter\Boot::runCodeIgniter(Object(CodeIgniter\CodeIgniter))
10 FCPATH\index.php(56): CodeIgniter\Boot::bootWeb(Object(Config\Paths))
CRITICAL - 2024-07-10 05:12:27 --> CodeIgniter\Format\Exceptions\FormatException: Failed to parse JSON string. Error: Malformed UTF-8 characters, possibly incorrectly encoded
[Method: GET, Route: admin_Students/getStudent/1]
in SYSTEMPATH\Format\JSONFormatter.php on line 45.
 1 SYSTEMPATH\Format\JSONFormatter.php(45): CodeIgniter\Format\Exceptions\FormatException::forInvalidJSON('Malformed UTF-8 characters, possibly incorrectly encoded')
 2 SYSTEMPATH\HTTP\ResponseTrait.php(249): CodeIgniter\Format\JSONFormatter->format([...])
 3 SYSTEMPATH\HTTP\ResponseTrait.php(175): CodeIgniter\HTTP\Response->formatBody([...], 'json')
 4 APPPATH\Controllers\SecuritechController.php(124): CodeIgniter\HTTP\Response->setJSON([...])
 5 SYSTEMPATH\CodeIgniter.php(933): App\Controllers\SecuritechController->getStudent('1')
 6 SYSTEMPATH\CodeIgniter.php(509): CodeIgniter\CodeIgniter->runController(Object(App\Controllers\SecuritechController))
 7 SYSTEMPATH\CodeIgniter.php(355): CodeIgniter\CodeIgniter->handleRequest(null, Object(Config\Cache), false)
 8 SYSTEMPATH\Boot.php(325): CodeIgniter\CodeIgniter->run()
 9 SYSTEMPATH\Boot.php(67): CodeIgniter\Boot::runCodeIgniter(Object(CodeIgniter\CodeIgniter))
10 FCPATH\index.php(56): CodeIgniter\Boot::bootWeb(Object(Config\Paths))
CRITICAL - 2024-07-10 05:14:38 --> CodeIgniter\Format\Exceptions\FormatException: Failed to parse JSON string. Error: Malformed UTF-8 characters, possibly incorrectly encoded
[Method: GET, Route: admin_Students/getStudent/2]
in SYSTEMPATH\Format\JSONFormatter.php on line 45.
 1 SYSTEMPATH\Format\JSONFormatter.php(45): CodeIgniter\Format\Exceptions\FormatException::forInvalidJSON('Malformed UTF-8 characters, possibly incorrectly encoded')
 2 SYSTEMPATH\HTTP\ResponseTrait.php(249): CodeIgniter\Format\JSONFormatter->format([...])
 3 SYSTEMPATH\HTTP\ResponseTrait.php(175): CodeIgniter\HTTP\Response->formatBody([...], 'json')
 4 APPPATH\Controllers\SecuritechController.php(124): CodeIgniter\HTTP\Response->setJSON([...])
 5 SYSTEMPATH\CodeIgniter.php(933): App\Controllers\SecuritechController->getStudent('2')
 6 SYSTEMPATH\CodeIgniter.php(509): CodeIgniter\CodeIgniter->runController(Object(App\Controllers\SecuritechController))
 7 SYSTEMPATH\CodeIgniter.php(355): CodeIgniter\CodeIgniter->handleRequest(null, Object(Config\Cache), false)
 8 SYSTEMPATH\Boot.php(325): CodeIgniter\CodeIgniter->run()
 9 SYSTEMPATH\Boot.php(67): CodeIgniter\Boot::runCodeIgniter(Object(CodeIgniter\CodeIgniter))
10 FCPATH\index.php(56): CodeIgniter\Boot::bootWeb(Object(Config\Paths))
CRITICAL - 2024-07-10 05:14:40 --> CodeIgniter\Format\Exceptions\FormatException: Failed to parse JSON string. Error: Malformed UTF-8 characters, possibly incorrectly encoded
[Method: GET, Route: admin_Students/getStudent/1]
in SYSTEMPATH\Format\JSONFormatter.php on line 45.
 1 SYSTEMPATH\Format\JSONFormatter.php(45): CodeIgniter\Format\Exceptions\FormatException::forInvalidJSON('Malformed UTF-8 characters, possibly incorrectly encoded')
 2 SYSTEMPATH\HTTP\ResponseTrait.php(249): CodeIgniter\Format\JSONFormatter->format([...])
 3 SYSTEMPATH\HTTP\ResponseTrait.php(175): CodeIgniter\HTTP\Response->formatBody([...], 'json')
 4 APPPATH\Controllers\SecuritechController.php(124): CodeIgniter\HTTP\Response->setJSON([...])
 5 SYSTEMPATH\CodeIgniter.php(933): App\Controllers\SecuritechController->getStudent('1')
 6 SYSTEMPATH\CodeIgniter.php(509): CodeIgniter\CodeIgniter->runController(Object(App\Controllers\SecuritechController))
 7 SYSTEMPATH\CodeIgniter.php(355): CodeIgniter\CodeIgniter->handleRequest(null, Object(Config\Cache), false)
 8 SYSTEMPATH\Boot.php(325): CodeIgniter\CodeIgniter->run()
 9 SYSTEMPATH\Boot.php(67): CodeIgniter\Boot::runCodeIgniter(Object(CodeIgniter\CodeIgniter))
10 FCPATH\index.php(56): CodeIgniter\Boot::bootWeb(Object(Config\Paths))
CRITICAL - 2024-07-10 05:16:09 --> CodeIgniter\Format\Exceptions\FormatException: Failed to parse JSON string. Error: Malformed UTF-8 characters, possibly incorrectly encoded
[Method: GET, Route: admin_Students/getStudent/1]
in SYSTEMPATH\Format\JSONFormatter.php on line 45.
 1 SYSTEMPATH\Format\JSONFormatter.php(45): CodeIgniter\Format\Exceptions\FormatException::forInvalidJSON('Malformed UTF-8 characters, possibly incorrectly encoded')
 2 SYSTEMPATH\HTTP\ResponseTrait.php(249): CodeIgniter\Format\JSONFormatter->format([...])
 3 SYSTEMPATH\HTTP\ResponseTrait.php(175): CodeIgniter\HTTP\Response->formatBody([...], 'json')
 4 APPPATH\Controllers\SecuritechController.php(124): CodeIgniter\HTTP\Response->setJSON([...])
 5 SYSTEMPATH\CodeIgniter.php(933): App\Controllers\SecuritechController->getStudent('1')
 6 SYSTEMPATH\CodeIgniter.php(509): CodeIgniter\CodeIgniter->runController(Object(App\Controllers\SecuritechController))
 7 SYSTEMPATH\CodeIgniter.php(355): CodeIgniter\CodeIgniter->handleRequest(null, Object(Config\Cache), false)
 8 SYSTEMPATH\Boot.php(325): CodeIgniter\CodeIgniter->run()
 9 SYSTEMPATH\Boot.php(67): CodeIgniter\Boot::runCodeIgniter(Object(CodeIgniter\CodeIgniter))
10 FCPATH\index.php(56): CodeIgniter\Boot::bootWeb(Object(Config\Paths))
CRITICAL - 2024-07-10 05:20:12 --> CodeIgniter\Format\Exceptions\FormatException: Failed to parse JSON string. Error: Malformed UTF-8 characters, possibly incorrectly encoded
[Method: GET, Route: admin_Students/getStudent/1]
in SYSTEMPATH\Format\JSONFormatter.php on line 45.
 1 SYSTEMPATH\Format\JSONFormatter.php(45): CodeIgniter\Format\Exceptions\FormatException::forInvalidJSON('Malformed UTF-8 characters, possibly incorrectly encoded')
 2 SYSTEMPATH\HTTP\ResponseTrait.php(249): CodeIgniter\Format\JSONFormatter->format([...])
 3 SYSTEMPATH\HTTP\ResponseTrait.php(175): CodeIgniter\HTTP\Response->formatBody([...], 'json')
 4 APPPATH\Controllers\SecuritechController.php(124): CodeIgniter\HTTP\Response->setJSON([...])
 5 SYSTEMPATH\CodeIgniter.php(933): App\Controllers\SecuritechController->getStudent('1')
 6 SYSTEMPATH\CodeIgniter.php(509): CodeIgniter\CodeIgniter->runController(Object(App\Controllers\SecuritechController))
 7 SYSTEMPATH\CodeIgniter.php(355): CodeIgniter\CodeIgniter->handleRequest(null, Object(Config\Cache), false)
 8 SYSTEMPATH\Boot.php(325): CodeIgniter\CodeIgniter->run()
 9 SYSTEMPATH\Boot.php(67): CodeIgniter\Boot::runCodeIgniter(Object(CodeIgniter\CodeIgniter))
10 FCPATH\index.php(56): CodeIgniter\Boot::bootWeb(Object(Config\Paths))
CRITICAL - 2024-07-10 05:25:31 --> CodeIgniter\Format\Exceptions\FormatException: Failed to parse JSON string. Error: Malformed UTF-8 characters, possibly incorrectly encoded
[Method: GET, Route: admin_Students/getStudent/1]
in SYSTEMPATH\Format\JSONFormatter.php on line 45.
 1 SYSTEMPATH\Format\JSONFormatter.php(45): CodeIgniter\Format\Exceptions\FormatException::forInvalidJSON('Malformed UTF-8 characters, possibly incorrectly encoded')
 2 SYSTEMPATH\HTTP\ResponseTrait.php(249): CodeIgniter\Format\JSONFormatter->format([...])
 3 SYSTEMPATH\HTTP\ResponseTrait.php(175): CodeIgniter\HTTP\Response->formatBody([...], 'json')
 4 APPPATH\Controllers\SecuritechController.php(124): CodeIgniter\HTTP\Response->setJSON([...])
 5 SYSTEMPATH\CodeIgniter.php(933): App\Controllers\SecuritechController->getStudent('1')
 6 SYSTEMPATH\CodeIgniter.php(509): CodeIgniter\CodeIgniter->runController(Object(App\Controllers\SecuritechController))
 7 SYSTEMPATH\CodeIgniter.php(355): CodeIgniter\CodeIgniter->handleRequest(null, Object(Config\Cache), false)
 8 SYSTEMPATH\Boot.php(325): CodeIgniter\CodeIgniter->run()
 9 SYSTEMPATH\Boot.php(67): CodeIgniter\Boot::runCodeIgniter(Object(CodeIgniter\CodeIgniter))
10 FCPATH\index.php(56): CodeIgniter\Boot::bootWeb(Object(Config\Paths))
CRITICAL - 2024-07-10 05:28:02 --> CodeIgniter\Format\Exceptions\FormatException: Failed to parse JSON string. Error: Malformed UTF-8 characters, possibly incorrectly encoded
[Method: GET, Route: admin_Students/getStudent/1]
in SYSTEMPATH\Format\JSONFormatter.php on line 45.
 1 SYSTEMPATH\Format\JSONFormatter.php(45): CodeIgniter\Format\Exceptions\FormatException::forInvalidJSON('Malformed UTF-8 characters, possibly incorrectly encoded')
 2 SYSTEMPATH\HTTP\ResponseTrait.php(249): CodeIgniter\Format\JSONFormatter->format([...])
 3 SYSTEMPATH\HTTP\ResponseTrait.php(175): CodeIgniter\HTTP\Response->formatBody([...], 'json')
 4 APPPATH\Controllers\SecuritechController.php(124): CodeIgniter\HTTP\Response->setJSON([...])
 5 SYSTEMPATH\CodeIgniter.php(933): App\Controllers\SecuritechController->getStudent('1')
 6 SYSTEMPATH\CodeIgniter.php(509): CodeIgniter\CodeIgniter->runController(Object(App\Controllers\SecuritechController))
 7 SYSTEMPATH\CodeIgniter.php(355): CodeIgniter\CodeIgniter->handleRequest(null, Object(Config\Cache), false)
 8 SYSTEMPATH\Boot.php(325): CodeIgniter\CodeIgniter->run()
 9 SYSTEMPATH\Boot.php(67): CodeIgniter\Boot::runCodeIgniter(Object(CodeIgniter\CodeIgniter))
10 FCPATH\index.php(56): CodeIgniter\Boot::bootWeb(Object(Config\Paths))
CRITICAL - 2024-07-10 05:28:10 --> CodeIgniter\Format\Exceptions\FormatException: Failed to parse JSON string. Error: Malformed UTF-8 characters, possibly incorrectly encoded
[Method: GET, Route: admin_Students/getStudent/2]
in SYSTEMPATH\Format\JSONFormatter.php on line 45.
 1 SYSTEMPATH\Format\JSONFormatter.php(45): CodeIgniter\Format\Exceptions\FormatException::forInvalidJSON('Malformed UTF-8 characters, possibly incorrectly encoded')
 2 SYSTEMPATH\HTTP\ResponseTrait.php(249): CodeIgniter\Format\JSONFormatter->format([...])
 3 SYSTEMPATH\HTTP\ResponseTrait.php(175): CodeIgniter\HTTP\Response->formatBody([...], 'json')
 4 APPPATH\Controllers\SecuritechController.php(124): CodeIgniter\HTTP\Response->setJSON([...])
 5 SYSTEMPATH\CodeIgniter.php(933): App\Controllers\SecuritechController->getStudent('2')
 6 SYSTEMPATH\CodeIgniter.php(509): CodeIgniter\CodeIgniter->runController(Object(App\Controllers\SecuritechController))
 7 SYSTEMPATH\CodeIgniter.php(355): CodeIgniter\CodeIgniter->handleRequest(null, Object(Config\Cache), false)
 8 SYSTEMPATH\Boot.php(325): CodeIgniter\CodeIgniter->run()
 9 SYSTEMPATH\Boot.php(67): CodeIgniter\Boot::runCodeIgniter(Object(CodeIgniter\CodeIgniter))
10 FCPATH\index.php(56): CodeIgniter\Boot::bootWeb(Object(Config\Paths))
CRITICAL - 2024-07-10 05:28:13 --> CodeIgniter\Format\Exceptions\FormatException: Failed to parse JSON string. Error: Malformed UTF-8 characters, possibly incorrectly encoded
[Method: GET, Route: admin_Students/getStudent/4]
in SYSTEMPATH\Format\JSONFormatter.php on line 45.
 1 SYSTEMPATH\Format\JSONFormatter.php(45): CodeIgniter\Format\Exceptions\FormatException::forInvalidJSON('Malformed UTF-8 characters, possibly incorrectly encoded')
 2 SYSTEMPATH\HTTP\ResponseTrait.php(249): CodeIgniter\Format\JSONFormatter->format([...])
 3 SYSTEMPATH\HTTP\ResponseTrait.php(175): CodeIgniter\HTTP\Response->formatBody([...], 'json')
 4 APPPATH\Controllers\SecuritechController.php(124): CodeIgniter\HTTP\Response->setJSON([...])
 5 SYSTEMPATH\CodeIgniter.php(933): App\Controllers\SecuritechController->getStudent('4')
 6 SYSTEMPATH\CodeIgniter.php(509): CodeIgniter\CodeIgniter->runController(Object(App\Controllers\SecuritechController))
 7 SYSTEMPATH\CodeIgniter.php(355): CodeIgniter\CodeIgniter->handleRequest(null, Object(Config\Cache), false)
 8 SYSTEMPATH\Boot.php(325): CodeIgniter\CodeIgniter->run()
 9 SYSTEMPATH\Boot.php(67): CodeIgniter\Boot::runCodeIgniter(Object(CodeIgniter\CodeIgniter))
10 FCPATH\index.php(56): CodeIgniter\Boot::bootWeb(Object(Config\Paths))
CRITICAL - 2024-07-10 05:28:43 --> CodeIgniter\Format\Exceptions\FormatException: Failed to parse JSON string. Error: Malformed UTF-8 characters, possibly incorrectly encoded
[Method: GET, Route: admin_Students/getStudent/1]
in SYSTEMPATH\Format\JSONFormatter.php on line 45.
 1 SYSTEMPATH\Format\JSONFormatter.php(45): CodeIgniter\Format\Exceptions\FormatException::forInvalidJSON('Malformed UTF-8 characters, possibly incorrectly encoded')
 2 SYSTEMPATH\HTTP\ResponseTrait.php(249): CodeIgniter\Format\JSONFormatter->format([...])
 3 SYSTEMPATH\HTTP\ResponseTrait.php(175): CodeIgniter\HTTP\Response->formatBody([...], 'json')
 4 APPPATH\Controllers\SecuritechController.php(124): CodeIgniter\HTTP\Response->setJSON([...])
 5 SYSTEMPATH\CodeIgniter.php(933): App\Controllers\SecuritechController->getStudent('1')
 6 SYSTEMPATH\CodeIgniter.php(509): CodeIgniter\CodeIgniter->runController(Object(App\Controllers\SecuritechController))
 7 SYSTEMPATH\CodeIgniter.php(355): CodeIgniter\CodeIgniter->handleRequest(null, Object(Config\Cache), false)
 8 SYSTEMPATH\Boot.php(325): CodeIgniter\CodeIgniter->run()
 9 SYSTEMPATH\Boot.php(67): CodeIgniter\Boot::runCodeIgniter(Object(CodeIgniter\CodeIgniter))
10 FCPATH\index.php(56): CodeIgniter\Boot::bootWeb(Object(Config\Paths))
CRITICAL - 2024-07-10 05:29:00 --> CodeIgniter\Format\Exceptions\FormatException: Failed to parse JSON string. Error: Malformed UTF-8 characters, possibly incorrectly encoded
[Method: GET, Route: admin_Students/getStudent/1]
in SYSTEMPATH\Format\JSONFormatter.php on line 45.
 1 SYSTEMPATH\Format\JSONFormatter.php(45): CodeIgniter\Format\Exceptions\FormatException::forInvalidJSON('Malformed UTF-8 characters, possibly incorrectly encoded')
 2 SYSTEMPATH\HTTP\ResponseTrait.php(249): CodeIgniter\Format\JSONFormatter->format([...])
 3 SYSTEMPATH\HTTP\ResponseTrait.php(175): CodeIgniter\HTTP\Response->formatBody([...], 'json')
 4 APPPATH\Controllers\SecuritechController.php(124): CodeIgniter\HTTP\Response->setJSON([...])
 5 SYSTEMPATH\CodeIgniter.php(933): App\Controllers\SecuritechController->getStudent('1')
 6 SYSTEMPATH\CodeIgniter.php(509): CodeIgniter\CodeIgniter->runController(Object(App\Controllers\SecuritechController))
 7 SYSTEMPATH\CodeIgniter.php(355): CodeIgniter\CodeIgniter->handleRequest(null, Object(Config\Cache), false)
 8 SYSTEMPATH\Boot.php(325): CodeIgniter\CodeIgniter->run()
 9 SYSTEMPATH\Boot.php(67): CodeIgniter\Boot::runCodeIgniter(Object(CodeIgniter\CodeIgniter))
10 FCPATH\index.php(56): CodeIgniter\Boot::bootWeb(Object(Config\Paths))
CRITICAL - 2024-07-10 05:29:03 --> CodeIgniter\Format\Exceptions\FormatException: Failed to parse JSON string. Error: Malformed UTF-8 characters, possibly incorrectly encoded
[Method: GET, Route: admin_Students/getStudent/1]
in SYSTEMPATH\Format\JSONFormatter.php on line 45.
 1 SYSTEMPATH\Format\JSONFormatter.php(45): CodeIgniter\Format\Exceptions\FormatException::forInvalidJSON('Malformed UTF-8 characters, possibly incorrectly encoded')
 2 SYSTEMPATH\HTTP\ResponseTrait.php(249): CodeIgniter\Format\JSONFormatter->format([...])
 3 SYSTEMPATH\HTTP\ResponseTrait.php(175): CodeIgniter\HTTP\Response->formatBody([...], 'json')
 4 APPPATH\Controllers\SecuritechController.php(124): CodeIgniter\HTTP\Response->setJSON([...])
 5 SYSTEMPATH\CodeIgniter.php(933): App\Controllers\SecuritechController->getStudent('1')
 6 SYSTEMPATH\CodeIgniter.php(509): CodeIgniter\CodeIgniter->runController(Object(App\Controllers\SecuritechController))
 7 SYSTEMPATH\CodeIgniter.php(355): CodeIgniter\CodeIgniter->handleRequest(null, Object(Config\Cache), false)
 8 SYSTEMPATH\Boot.php(325): CodeIgniter\CodeIgniter->run()
 9 SYSTEMPATH\Boot.php(67): CodeIgniter\Boot::runCodeIgniter(Object(CodeIgniter\CodeIgniter))
10 FCPATH\index.php(56): CodeIgniter\Boot::bootWeb(Object(Config\Paths))
CRITICAL - 2024-07-10 05:29:06 --> CodeIgniter\Format\Exceptions\FormatException: Failed to parse JSON string. Error: Malformed UTF-8 characters, possibly incorrectly encoded
[Method: GET, Route: admin_Students/getStudent/2]
in SYSTEMPATH\Format\JSONFormatter.php on line 45.
 1 SYSTEMPATH\Format\JSONFormatter.php(45): CodeIgniter\Format\Exceptions\FormatException::forInvalidJSON('Malformed UTF-8 characters, possibly incorrectly encoded')
 2 SYSTEMPATH\HTTP\ResponseTrait.php(249): CodeIgniter\Format\JSONFormatter->format([...])
 3 SYSTEMPATH\HTTP\ResponseTrait.php(175): CodeIgniter\HTTP\Response->formatBody([...], 'json')
 4 APPPATH\Controllers\SecuritechController.php(124): CodeIgniter\HTTP\Response->setJSON([...])
 5 SYSTEMPATH\CodeIgniter.php(933): App\Controllers\SecuritechController->getStudent('2')
 6 SYSTEMPATH\CodeIgniter.php(509): CodeIgniter\CodeIgniter->runController(Object(App\Controllers\SecuritechController))
 7 SYSTEMPATH\CodeIgniter.php(355): CodeIgniter\CodeIgniter->handleRequest(null, Object(Config\Cache), false)
 8 SYSTEMPATH\Boot.php(325): CodeIgniter\CodeIgniter->run()
 9 SYSTEMPATH\Boot.php(67): CodeIgniter\Boot::runCodeIgniter(Object(CodeIgniter\CodeIgniter))
10 FCPATH\index.php(56): CodeIgniter\Boot::bootWeb(Object(Config\Paths))
CRITICAL - 2024-07-10 05:29:20 --> CodeIgniter\Format\Exceptions\FormatException: Failed to parse JSON string. Error: Malformed UTF-8 characters, possibly incorrectly encoded
[Method: GET, Route: admin_Students/getStudent/1]
in SYSTEMPATH\Format\JSONFormatter.php on line 45.
 1 SYSTEMPATH\Format\JSONFormatter.php(45): CodeIgniter\Format\Exceptions\FormatException::forInvalidJSON('Malformed UTF-8 characters, possibly incorrectly encoded')
 2 SYSTEMPATH\HTTP\ResponseTrait.php(249): CodeIgniter\Format\JSONFormatter->format([...])
 3 SYSTEMPATH\HTTP\ResponseTrait.php(175): CodeIgniter\HTTP\Response->formatBody([...], 'json')
 4 APPPATH\Controllers\SecuritechController.php(124): CodeIgniter\HTTP\Response->setJSON([...])
 5 SYSTEMPATH\CodeIgniter.php(933): App\Controllers\SecuritechController->getStudent('1')
 6 SYSTEMPATH\CodeIgniter.php(509): CodeIgniter\CodeIgniter->runController(Object(App\Controllers\SecuritechController))
 7 SYSTEMPATH\CodeIgniter.php(355): CodeIgniter\CodeIgniter->handleRequest(null, Object(Config\Cache), false)
 8 SYSTEMPATH\Boot.php(325): CodeIgniter\CodeIgniter->run()
 9 SYSTEMPATH\Boot.php(67): CodeIgniter\Boot::runCodeIgniter(Object(CodeIgniter\CodeIgniter))
10 FCPATH\index.php(56): CodeIgniter\Boot::bootWeb(Object(Config\Paths))
CRITICAL - 2024-07-10 05:29:35 --> CodeIgniter\Format\Exceptions\FormatException: Failed to parse JSON string. Error: Malformed UTF-8 characters, possibly incorrectly encoded
[Method: GET, Route: admin_Students/getStudent/2]
in SYSTEMPATH\Format\JSONFormatter.php on line 45.
 1 SYSTEMPATH\Format\JSONFormatter.php(45): CodeIgniter\Format\Exceptions\FormatException::forInvalidJSON('Malformed UTF-8 characters, possibly incorrectly encoded')
 2 SYSTEMPATH\HTTP\ResponseTrait.php(249): CodeIgniter\Format\JSONFormatter->format([...])
 3 SYSTEMPATH\HTTP\ResponseTrait.php(175): CodeIgniter\HTTP\Response->formatBody([...], 'json')
 4 APPPATH\Controllers\SecuritechController.php(124): CodeIgniter\HTTP\Response->setJSON([...])
 5 SYSTEMPATH\CodeIgniter.php(933): App\Controllers\SecuritechController->getStudent('2')
 6 SYSTEMPATH\CodeIgniter.php(509): CodeIgniter\CodeIgniter->runController(Object(App\Controllers\SecuritechController))
 7 SYSTEMPATH\CodeIgniter.php(355): CodeIgniter\CodeIgniter->handleRequest(null, Object(Config\Cache), false)
 8 SYSTEMPATH\Boot.php(325): CodeIgniter\CodeIgniter->run()
 9 SYSTEMPATH\Boot.php(67): CodeIgniter\Boot::runCodeIgniter(Object(CodeIgniter\CodeIgniter))
10 FCPATH\index.php(56): CodeIgniter\Boot::bootWeb(Object(Config\Paths))
CRITICAL - 2024-07-10 06:12:30 --> CodeIgniter\Format\Exceptions\FormatException: Failed to parse JSON string. Error: Malformed UTF-8 characters, possibly incorrectly encoded
[Method: GET, Route: admin_Students/getStudent/1]
in SYSTEMPATH\Format\JSONFormatter.php on line 45.
 1 SYSTEMPATH\Format\JSONFormatter.php(45): CodeIgniter\Format\Exceptions\FormatException::forInvalidJSON('Malformed UTF-8 characters, possibly incorrectly encoded')
 2 SYSTEMPATH\HTTP\ResponseTrait.php(249): CodeIgniter\Format\JSONFormatter->format([...])
 3 SYSTEMPATH\HTTP\ResponseTrait.php(175): CodeIgniter\HTTP\Response->formatBody([...], 'json')
 4 APPPATH\Controllers\SecuritechController.php(124): CodeIgniter\HTTP\Response->setJSON([...])
 5 SYSTEMPATH\CodeIgniter.php(933): App\Controllers\SecuritechController->getStudent('1')
 6 SYSTEMPATH\CodeIgniter.php(509): CodeIgniter\CodeIgniter->runController(Object(App\Controllers\SecuritechController))
 7 SYSTEMPATH\CodeIgniter.php(355): CodeIgniter\CodeIgniter->handleRequest(null, Object(Config\Cache), false)
 8 SYSTEMPATH\Boot.php(325): CodeIgniter\CodeIgniter->run()
 9 SYSTEMPATH\Boot.php(67): CodeIgniter\Boot::runCodeIgniter(Object(CodeIgniter\CodeIgniter))
10 FCPATH\index.php(56): CodeIgniter\Boot::bootWeb(Object(Config\Paths))
CRITICAL - 2024-07-10 06:12:33 --> CodeIgniter\Format\Exceptions\FormatException: Failed to parse JSON string. Error: Malformed UTF-8 characters, possibly incorrectly encoded
[Method: GET, Route: admin_Students/getStudent/1]
in SYSTEMPATH\Format\JSONFormatter.php on line 45.
 1 SYSTEMPATH\Format\JSONFormatter.php(45): CodeIgniter\Format\Exceptions\FormatException::forInvalidJSON('Malformed UTF-8 characters, possibly incorrectly encoded')
 2 SYSTEMPATH\HTTP\ResponseTrait.php(249): CodeIgniter\Format\JSONFormatter->format([...])
 3 SYSTEMPATH\HTTP\ResponseTrait.php(175): CodeIgniter\HTTP\Response->formatBody([...], 'json')
 4 APPPATH\Controllers\SecuritechController.php(124): CodeIgniter\HTTP\Response->setJSON([...])
 5 SYSTEMPATH\CodeIgniter.php(933): App\Controllers\SecuritechController->getStudent('1')
 6 SYSTEMPATH\CodeIgniter.php(509): CodeIgniter\CodeIgniter->runController(Object(App\Controllers\SecuritechController))
 7 SYSTEMPATH\CodeIgniter.php(355): CodeIgniter\CodeIgniter->handleRequest(null, Object(Config\Cache), false)
 8 SYSTEMPATH\Boot.php(325): CodeIgniter\CodeIgniter->run()
 9 SYSTEMPATH\Boot.php(67): CodeIgniter\Boot::runCodeIgniter(Object(CodeIgniter\CodeIgniter))
10 FCPATH\index.php(56): CodeIgniter\Boot::bootWeb(Object(Config\Paths))
CRITICAL - 2024-07-10 06:17:34 --> CodeIgniter\Format\Exceptions\FormatException: Failed to parse JSON string. Error: Malformed UTF-8 characters, possibly incorrectly encoded
[Method: GET, Route: admin_Students/getStudent/1]
in SYSTEMPATH\Format\JSONFormatter.php on line 45.
 1 SYSTEMPATH\Format\JSONFormatter.php(45): CodeIgniter\Format\Exceptions\FormatException::forInvalidJSON('Malformed UTF-8 characters, possibly incorrectly encoded')
 2 SYSTEMPATH\HTTP\ResponseTrait.php(249): CodeIgniter\Format\JSONFormatter->format([...])
 3 SYSTEMPATH\HTTP\ResponseTrait.php(175): CodeIgniter\HTTP\Response->formatBody([...], 'json')
 4 APPPATH\Controllers\SecuritechController.php(133): CodeIgniter\HTTP\Response->setJSON([...])
 5 SYSTEMPATH\CodeIgniter.php(933): App\Controllers\SecuritechController->getStudent('1')
 6 SYSTEMPATH\CodeIgniter.php(509): CodeIgniter\CodeIgniter->runController(Object(App\Controllers\SecuritechController))
 7 SYSTEMPATH\CodeIgniter.php(355): CodeIgniter\CodeIgniter->handleRequest(null, Object(Config\Cache), false)
 8 SYSTEMPATH\Boot.php(325): CodeIgniter\CodeIgniter->run()
 9 SYSTEMPATH\Boot.php(67): CodeIgniter\Boot::runCodeIgniter(Object(CodeIgniter\CodeIgniter))
10 FCPATH\index.php(56): CodeIgniter\Boot::bootWeb(Object(Config\Paths))
CRITICAL - 2024-07-10 06:17:36 --> CodeIgniter\Format\Exceptions\FormatException: Failed to parse JSON string. Error: Malformed UTF-8 characters, possibly incorrectly encoded
[Method: GET, Route: admin_Students/getStudent/3]
in SYSTEMPATH\Format\JSONFormatter.php on line 45.
 1 SYSTEMPATH\Format\JSONFormatter.php(45): CodeIgniter\Format\Exceptions\FormatException::forInvalidJSON('Malformed UTF-8 characters, possibly incorrectly encoded')
 2 SYSTEMPATH\HTTP\ResponseTrait.php(249): CodeIgniter\Format\JSONFormatter->format([...])
 3 SYSTEMPATH\HTTP\ResponseTrait.php(175): CodeIgniter\HTTP\Response->formatBody([...], 'json')
 4 APPPATH\Controllers\SecuritechController.php(133): CodeIgniter\HTTP\Response->setJSON([...])
 5 SYSTEMPATH\CodeIgniter.php(933): App\Controllers\SecuritechController->getStudent('3')
 6 SYSTEMPATH\CodeIgniter.php(509): CodeIgniter\CodeIgniter->runController(Object(App\Controllers\SecuritechController))
 7 SYSTEMPATH\CodeIgniter.php(355): CodeIgniter\CodeIgniter->handleRequest(null, Object(Config\Cache), false)
 8 SYSTEMPATH\Boot.php(325): CodeIgniter\CodeIgniter->run()
 9 SYSTEMPATH\Boot.php(67): CodeIgniter\Boot::runCodeIgniter(Object(CodeIgniter\CodeIgniter))
10 FCPATH\index.php(56): CodeIgniter\Boot::bootWeb(Object(Config\Paths))
CRITICAL - 2024-07-10 06:17:38 --> CodeIgniter\Format\Exceptions\FormatException: Failed to parse JSON string. Error: Malformed UTF-8 characters, possibly incorrectly encoded
[Method: GET, Route: admin_Students/getStudent/2]
in SYSTEMPATH\Format\JSONFormatter.php on line 45.
 1 SYSTEMPATH\Format\JSONFormatter.php(45): CodeIgniter\Format\Exceptions\FormatException::forInvalidJSON('Malformed UTF-8 characters, possibly incorrectly encoded')
 2 SYSTEMPATH\HTTP\ResponseTrait.php(249): CodeIgniter\Format\JSONFormatter->format([...])
 3 SYSTEMPATH\HTTP\ResponseTrait.php(175): CodeIgniter\HTTP\Response->formatBody([...], 'json')
 4 APPPATH\Controllers\SecuritechController.php(133): CodeIgniter\HTTP\Response->setJSON([...])
 5 SYSTEMPATH\CodeIgniter.php(933): App\Controllers\SecuritechController->getStudent('2')
 6 SYSTEMPATH\CodeIgniter.php(509): CodeIgniter\CodeIgniter->runController(Object(App\Controllers\SecuritechController))
 7 SYSTEMPATH\CodeIgniter.php(355): CodeIgniter\CodeIgniter->handleRequest(null, Object(Config\Cache), false)
 8 SYSTEMPATH\Boot.php(325): CodeIgniter\CodeIgniter->run()
 9 SYSTEMPATH\Boot.php(67): CodeIgniter\Boot::runCodeIgniter(Object(CodeIgniter\CodeIgniter))
10 FCPATH\index.php(56): CodeIgniter\Boot::bootWeb(Object(Config\Paths))
CRITICAL - 2024-07-10 06:38:40 --> CodeIgniter\Format\Exceptions\FormatException: Failed to parse JSON string. Error: Malformed UTF-8 characters, possibly incorrectly encoded
[Method: GET, Route: admin_Students/getStudent/1]
in SYSTEMPATH\Format\JSONFormatter.php on line 45.
 1 SYSTEMPATH\Format\JSONFormatter.php(45): CodeIgniter\Format\Exceptions\FormatException::forInvalidJSON('Malformed UTF-8 characters, possibly incorrectly encoded')
 2 SYSTEMPATH\HTTP\ResponseTrait.php(249): CodeIgniter\Format\JSONFormatter->format([...])
 3 SYSTEMPATH\HTTP\ResponseTrait.php(175): CodeIgniter\HTTP\Response->formatBody([...], 'json')
 4 APPPATH\Controllers\SecuritechController.php(124): CodeIgniter\HTTP\Response->setJSON([...])
 5 SYSTEMPATH\CodeIgniter.php(933): App\Controllers\SecuritechController->getStudent('1')
 6 SYSTEMPATH\CodeIgniter.php(509): CodeIgniter\CodeIgniter->runController(Object(App\Controllers\SecuritechController))
 7 SYSTEMPATH\CodeIgniter.php(355): CodeIgniter\CodeIgniter->handleRequest(null, Object(Config\Cache), false)
 8 SYSTEMPATH\Boot.php(325): CodeIgniter\CodeIgniter->run()
 9 SYSTEMPATH\Boot.php(67): CodeIgniter\Boot::runCodeIgniter(Object(CodeIgniter\CodeIgniter))
10 FCPATH\index.php(56): CodeIgniter\Boot::bootWeb(Object(Config\Paths))
CRITICAL - 2024-07-10 06:38:45 --> CodeIgniter\Format\Exceptions\FormatException: Failed to parse JSON string. Error: Malformed UTF-8 characters, possibly incorrectly encoded
[Method: GET, Route: admin_Students/getStudent/1]
in SYSTEMPATH\Format\JSONFormatter.php on line 45.
 1 SYSTEMPATH\Format\JSONFormatter.php(45): CodeIgniter\Format\Exceptions\FormatException::forInvalidJSON('Malformed UTF-8 characters, possibly incorrectly encoded')
 2 SYSTEMPATH\HTTP\ResponseTrait.php(249): CodeIgniter\Format\JSONFormatter->format([...])
 3 SYSTEMPATH\HTTP\ResponseTrait.php(175): CodeIgniter\HTTP\Response->formatBody([...], 'json')
 4 APPPATH\Controllers\SecuritechController.php(124): CodeIgniter\HTTP\Response->setJSON([...])
 5 SYSTEMPATH\CodeIgniter.php(933): App\Controllers\SecuritechController->getStudent('1')
 6 SYSTEMPATH\CodeIgniter.php(509): CodeIgniter\CodeIgniter->runController(Object(App\Controllers\SecuritechController))
 7 SYSTEMPATH\CodeIgniter.php(355): CodeIgniter\CodeIgniter->handleRequest(null, Object(Config\Cache), false)
 8 SYSTEMPATH\Boot.php(325): CodeIgniter\CodeIgniter->run()
 9 SYSTEMPATH\Boot.php(67): CodeIgniter\Boot::runCodeIgniter(Object(CodeIgniter\CodeIgniter))
10 FCPATH\index.php(56): CodeIgniter\Boot::bootWeb(Object(Config\Paths))
CRITICAL - 2024-07-10 06:43:52 --> ErrorException: Undefined variable $student
[Method: GET, Route: admin_Students]
in APPPATH\Views\admin\admin_Students.php on line 101.
 1 APPPATH\Views\admin\admin_Students.php(101): CodeIgniter\Debug\Exceptions->errorHandler(2, 'Undefined variable $student', 'C:\\xampp\\htdocs\\Securitech\\app\\Views\\admin\\admin_Students.php', 101)
 2 SYSTEMPATH\View\View.php(234): include('C:\\xampp\\htdocs\\Securitech\\app\\Views\\admin\\admin_Students.php')
 3 SYSTEMPATH\View\View.php(237): CodeIgniter\View\View->CodeIgniter\View\{closure}()
 4 SYSTEMPATH\Common.php(1171): CodeIgniter\View\View->render('admin/admin_Students', [], true)
 5 APPPATH\Controllers\SecuritechController.php(24): view('admin/admin_Students', [...])
 6 SYSTEMPATH\CodeIgniter.php(933): App\Controllers\SecuritechController->student()
 7 SYSTEMPATH\CodeIgniter.php(509): CodeIgniter\CodeIgniter->runController(Object(App\Controllers\SecuritechController))
 8 SYSTEMPATH\CodeIgniter.php(355): CodeIgniter\CodeIgniter->handleRequest(null, Object(Config\Cache), false)
 9 SYSTEMPATH\Boot.php(325): CodeIgniter\CodeIgniter->run()
10 SYSTEMPATH\Boot.php(67): CodeIgniter\Boot::runCodeIgniter(Object(CodeIgniter\CodeIgniter))
11 FCPATH\index.php(56): CodeIgniter\Boot::bootWeb(Object(Config\Paths))
CRITICAL - 2024-07-10 11:43:24 --> ErrorException: Undefined variable $students
[Method: GET, Route: admin_Students]
in APPPATH\Views\admin\admin_Students.php on line 247.
 1 APPPATH\Views\admin\admin_Students.php(247): CodeIgniter\Debug\Exceptions->errorHandler(2, 'Undefined variable $students', 'C:\\xampp\\htdocs\\Securitech\\app\\Views\\admin\\admin_Students.php', 247)
 2 SYSTEMPATH\View\View.php(234): include('C:\\xampp\\htdocs\\Securitech\\app\\Views\\admin\\admin_Students.php')
 3 SYSTEMPATH\View\View.php(237): CodeIgniter\View\View->CodeIgniter\View\{closure}()
 4 SYSTEMPATH\Common.php(1171): CodeIgniter\View\View->render('admin/admin_Students', [], true)
 5 APPPATH\Controllers\SecuritechController.php(24): view('admin/admin_Students', [...])
 6 SYSTEMPATH\CodeIgniter.php(933): App\Controllers\SecuritechController->student()
 7 SYSTEMPATH\CodeIgniter.php(509): CodeIgniter\CodeIgniter->runController(Object(App\Controllers\SecuritechController))
 8 SYSTEMPATH\CodeIgniter.php(355): CodeIgniter\CodeIgniter->handleRequest(null, Object(Config\Cache), false)
 9 SYSTEMPATH\Boot.php(325): CodeIgniter\CodeIgniter->run()
10 SYSTEMPATH\Boot.php(67): CodeIgniter\Boot::runCodeIgniter(Object(CodeIgniter\CodeIgniter))
11 FCPATH\index.php(56): CodeIgniter\Boot::bootWeb(Object(Config\Paths))
CRITICAL - 2024-07-10 11:43:55 --> TypeError: Cannot access offset of type string on string
[Method: GET, Route: admin_Students/getStudent/3]
in APPPATH\Views\admin\admin_Students.php on line 86.
 1 SYSTEMPATH\View\View.php(234): include()
 2 SYSTEMPATH\View\View.php(237): CodeIgniter\View\View->CodeIgniter\View\{closure}()
 3 SYSTEMPATH\Common.php(1171): CodeIgniter\View\View->render('admin/admin_Students', [], true)
 4 APPPATH\Controllers\SecuritechController.php(124): view('admin/admin_Students', [...])
 5 SYSTEMPATH\CodeIgniter.php(933): App\Controllers\SecuritechController->getStudent('3')
 6 SYSTEMPATH\CodeIgniter.php(509): CodeIgniter\CodeIgniter->runController(Object(App\Controllers\SecuritechController))
 7 SYSTEMPATH\CodeIgniter.php(355): CodeIgniter\CodeIgniter->handleRequest(null, Object(Config\Cache), false)
 8 SYSTEMPATH\Boot.php(325): CodeIgniter\CodeIgniter->run()
 9 SYSTEMPATH\Boot.php(67): CodeIgniter\Boot::runCodeIgniter(Object(CodeIgniter\CodeIgniter))
10 FCPATH\index.php(56): CodeIgniter\Boot::bootWeb(Object(Config\Paths))
CRITICAL - 2024-07-10 11:44:00 --> TypeError: Cannot access offset of type string on string
[Method: GET, Route: admin_Students/getStudent/3]
in APPPATH\Views\admin\admin_Students.php on line 86.
 1 SYSTEMPATH\View\View.php(234): include()
 2 SYSTEMPATH\View\View.php(237): CodeIgniter\View\View->CodeIgniter\View\{closure}()
 3 SYSTEMPATH\Common.php(1171): CodeIgniter\View\View->render('admin/admin_Students', [], true)
 4 APPPATH\Controllers\SecuritechController.php(124): view('admin/admin_Students', [...])
 5 SYSTEMPATH\CodeIgniter.php(933): App\Controllers\SecuritechController->getStudent('3')
 6 SYSTEMPATH\CodeIgniter.php(509): CodeIgniter\CodeIgniter->runController(Object(App\Controllers\SecuritechController))
 7 SYSTEMPATH\CodeIgniter.php(355): CodeIgniter\CodeIgniter->handleRequest(null, Object(Config\Cache), false)
 8 SYSTEMPATH\Boot.php(325): CodeIgniter\CodeIgniter->run()
 9 SYSTEMPATH\Boot.php(67): CodeIgniter\Boot::runCodeIgniter(Object(CodeIgniter\CodeIgniter))
10 FCPATH\index.php(56): CodeIgniter\Boot::bootWeb(Object(Config\Paths))
CRITICAL - 2024-07-10 11:44:03 --> TypeError: Cannot access offset of type string on string
[Method: GET, Route: admin_Students/getStudent/1]
in APPPATH\Views\admin\admin_Students.php on line 86.
 1 SYSTEMPATH\View\View.php(234): include()
 2 SYSTEMPATH\View\View.php(237): CodeIgniter\View\View->CodeIgniter\View\{closure}()
 3 SYSTEMPATH\Common.php(1171): CodeIgniter\View\View->render('admin/admin_Students', [], true)
 4 APPPATH\Controllers\SecuritechController.php(124): view('admin/admin_Students', [...])
 5 SYSTEMPATH\CodeIgniter.php(933): App\Controllers\SecuritechController->getStudent('1')
 6 SYSTEMPATH\CodeIgniter.php(509): CodeIgniter\CodeIgniter->runController(Object(App\Controllers\SecuritechController))
 7 SYSTEMPATH\CodeIgniter.php(355): CodeIgniter\CodeIgniter->handleRequest(null, Object(Config\Cache), false)
 8 SYSTEMPATH\Boot.php(325): CodeIgniter\CodeIgniter->run()
 9 SYSTEMPATH\Boot.php(67): CodeIgniter\Boot::runCodeIgniter(Object(CodeIgniter\CodeIgniter))
10 FCPATH\index.php(56): CodeIgniter\Boot::bootWeb(Object(Config\Paths))
CRITICAL - 2024-07-10 11:45:06 --> TypeError: Cannot access offset of type string on string
[Method: GET, Route: admin_Students/getStudent/1]
in APPPATH\Views\admin\admin_Students.php on line 86.
 1 SYSTEMPATH\View\View.php(234): include()
 2 SYSTEMPATH\View\View.php(237): CodeIgniter\View\View->CodeIgniter\View\{closure}()
 3 SYSTEMPATH\Common.php(1171): CodeIgniter\View\View->render('admin/admin_Students', [], true)
 4 APPPATH\Controllers\SecuritechController.php(124): view('admin/admin_Students', [...])
 5 SYSTEMPATH\CodeIgniter.php(933): App\Controllers\SecuritechController->getStudent('1')
 6 SYSTEMPATH\CodeIgniter.php(509): CodeIgniter\CodeIgniter->runController(Object(App\Controllers\SecuritechController))
 7 SYSTEMPATH\CodeIgniter.php(355): CodeIgniter\CodeIgniter->handleRequest(null, Object(Config\Cache), false)
 8 SYSTEMPATH\Boot.php(325): CodeIgniter\CodeIgniter->run()
 9 SYSTEMPATH\Boot.php(67): CodeIgniter\Boot::runCodeIgniter(Object(CodeIgniter\CodeIgniter))
10 FCPATH\index.php(56): CodeIgniter\Boot::bootWeb(Object(Config\Paths))
CRITICAL - 2024-07-10 11:45:09 --> TypeError: Cannot access offset of type string on string
[Method: GET, Route: admin_Students/getStudent/2]
in APPPATH\Views\admin\admin_Students.php on line 86.
 1 SYSTEMPATH\View\View.php(234): include()
 2 SYSTEMPATH\View\View.php(237): CodeIgniter\View\View->CodeIgniter\View\{closure}()
 3 SYSTEMPATH\Common.php(1171): CodeIgniter\View\View->render('admin/admin_Students', [], true)
 4 APPPATH\Controllers\SecuritechController.php(124): view('admin/admin_Students', [...])
 5 SYSTEMPATH\CodeIgniter.php(933): App\Controllers\SecuritechController->getStudent('2')
 6 SYSTEMPATH\CodeIgniter.php(509): CodeIgniter\CodeIgniter->runController(Object(App\Controllers\SecuritechController))
 7 SYSTEMPATH\CodeIgniter.php(355): CodeIgniter\CodeIgniter->handleRequest(null, Object(Config\Cache), false)
 8 SYSTEMPATH\Boot.php(325): CodeIgniter\CodeIgniter->run()
 9 SYSTEMPATH\Boot.php(67): CodeIgniter\Boot::runCodeIgniter(Object(CodeIgniter\CodeIgniter))
10 FCPATH\index.php(56): CodeIgniter\Boot::bootWeb(Object(Config\Paths))
CRITICAL - 2024-07-10 13:49:40 --> CodeIgniter\Format\Exceptions\FormatException: Failed to parse JSON string. Error: Malformed UTF-8 characters, possibly incorrectly encoded
[Method: GET, Route: admin_Students/getStudent/4]
in SYSTEMPATH\Format\JSONFormatter.php on line 45.
 1 SYSTEMPATH\Format\JSONFormatter.php(45): CodeIgniter\Format\Exceptions\FormatException::forInvalidJSON('Malformed UTF-8 characters, possibly incorrectly encoded')
 2 SYSTEMPATH\HTTP\ResponseTrait.php(249): CodeIgniter\Format\JSONFormatter->format([...])
 3 SYSTEMPATH\HTTP\ResponseTrait.php(175): CodeIgniter\HTTP\Response->formatBody([...], 'json')
 4 APPPATH\Controllers\SecuritechController.php(124): CodeIgniter\HTTP\Response->setJSON([...])
 5 SYSTEMPATH\CodeIgniter.php(933): App\Controllers\SecuritechController->getStudent('4')
 6 SYSTEMPATH\CodeIgniter.php(509): CodeIgniter\CodeIgniter->runController(Object(App\Controllers\SecuritechController))
 7 SYSTEMPATH\CodeIgniter.php(355): CodeIgniter\CodeIgniter->handleRequest(null, Object(Config\Cache), false)
 8 SYSTEMPATH\Boot.php(325): CodeIgniter\CodeIgniter->run()
 9 SYSTEMPATH\Boot.php(67): CodeIgniter\Boot::runCodeIgniter(Object(CodeIgniter\CodeIgniter))
10 FCPATH\index.php(56): CodeIgniter\Boot::bootWeb(Object(Config\Paths))
CRITICAL - 2024-07-10 14:01:36 --> CodeIgniter\Format\Exceptions\FormatException: Failed to parse JSON string. Error: Malformed UTF-8 characters, possibly incorrectly encoded
[Method: GET, Route: admin_Students/getStudent/2]
in SYSTEMPATH\Format\JSONFormatter.php on line 45.
 1 SYSTEMPATH\Format\JSONFormatter.php(45): CodeIgniter\Format\Exceptions\FormatException::forInvalidJSON('Malformed UTF-8 characters, possibly incorrectly encoded')
 2 SYSTEMPATH\HTTP\ResponseTrait.php(249): CodeIgniter\Format\JSONFormatter->format([...])
 3 SYSTEMPATH\HTTP\ResponseTrait.php(175): CodeIgniter\HTTP\Response->formatBody([...], 'json')
 4 APPPATH\Controllers\SecuritechController.php(124): CodeIgniter\HTTP\Response->setJSON([...])
 5 SYSTEMPATH\CodeIgniter.php(933): App\Controllers\SecuritechController->getStudent('2')
 6 SYSTEMPATH\CodeIgniter.php(509): CodeIgniter\CodeIgniter->runController(Object(App\Controllers\SecuritechController))
 7 SYSTEMPATH\CodeIgniter.php(355): CodeIgniter\CodeIgniter->handleRequest(null, Object(Config\Cache), false)
 8 SYSTEMPATH\Boot.php(325): CodeIgniter\CodeIgniter->run()
 9 SYSTEMPATH\Boot.php(67): CodeIgniter\Boot::runCodeIgniter(Object(CodeIgniter\CodeIgniter))
10 FCPATH\index.php(56): CodeIgniter\Boot::bootWeb(Object(Config\Paths))
CRITICAL - 2024-07-10 14:01:44 --> CodeIgniter\Format\Exceptions\FormatException: Failed to parse JSON string. Error: Malformed UTF-8 characters, possibly incorrectly encoded
[Method: GET, Route: admin_Students/getStudent/2]
in SYSTEMPATH\Format\JSONFormatter.php on line 45.
 1 SYSTEMPATH\Format\JSONFormatter.php(45): CodeIgniter\Format\Exceptions\FormatException::forInvalidJSON('Malformed UTF-8 characters, possibly incorrectly encoded')
 2 SYSTEMPATH\HTTP\ResponseTrait.php(249): CodeIgniter\Format\JSONFormatter->format([...])
 3 SYSTEMPATH\HTTP\ResponseTrait.php(175): CodeIgniter\HTTP\Response->formatBody([...], 'json')
 4 APPPATH\Controllers\SecuritechController.php(124): CodeIgniter\HTTP\Response->setJSON([...])
 5 SYSTEMPATH\CodeIgniter.php(933): App\Controllers\SecuritechController->getStudent('2')
 6 SYSTEMPATH\CodeIgniter.php(509): CodeIgniter\CodeIgniter->runController(Object(App\Controllers\SecuritechController))
 7 SYSTEMPATH\CodeIgniter.php(355): CodeIgniter\CodeIgniter->handleRequest(null, Object(Config\Cache), false)
 8 SYSTEMPATH\Boot.php(325): CodeIgniter\CodeIgniter->run()
 9 SYSTEMPATH\Boot.php(67): CodeIgniter\Boot::runCodeIgniter(Object(CodeIgniter\CodeIgniter))
10 FCPATH\index.php(56): CodeIgniter\Boot::bootWeb(Object(Config\Paths))
CRITICAL - 2024-07-10 14:04:32 --> CodeIgniter\Format\Exceptions\FormatException: Failed to parse JSON string. Error: Malformed UTF-8 characters, possibly incorrectly encoded
[Method: GET, Route: admin_Students/getStudent/1]
in SYSTEMPATH\Format\JSONFormatter.php on line 45.
 1 SYSTEMPATH\Format\JSONFormatter.php(45): CodeIgniter\Format\Exceptions\FormatException::forInvalidJSON('Malformed UTF-8 characters, possibly incorrectly encoded')
 2 SYSTEMPATH\HTTP\ResponseTrait.php(249): CodeIgniter\Format\JSONFormatter->format([...])
 3 SYSTEMPATH\HTTP\ResponseTrait.php(175): CodeIgniter\HTTP\Response->formatBody([...], 'json')
 4 APPPATH\Controllers\SecuritechController.php(124): CodeIgniter\HTTP\Response->setJSON([...])
 5 SYSTEMPATH\CodeIgniter.php(933): App\Controllers\SecuritechController->getStudent('1')
 6 SYSTEMPATH\CodeIgniter.php(509): CodeIgniter\CodeIgniter->runController(Object(App\Controllers\SecuritechController))
 7 SYSTEMPATH\CodeIgniter.php(355): CodeIgniter\CodeIgniter->handleRequest(null, Object(Config\Cache), false)
 8 SYSTEMPATH\Boot.php(325): CodeIgniter\CodeIgniter->run()
 9 SYSTEMPATH\Boot.php(67): CodeIgniter\Boot::runCodeIgniter(Object(CodeIgniter\CodeIgniter))
10 FCPATH\index.php(56): CodeIgniter\Boot::bootWeb(Object(Config\Paths))
CRITICAL - 2024-07-10 14:04:37 --> CodeIgniter\Format\Exceptions\FormatException: Failed to parse JSON string. Error: Malformed UTF-8 characters, possibly incorrectly encoded
[Method: GET, Route: admin_Students/getStudent/1]
in SYSTEMPATH\Format\JSONFormatter.php on line 45.
 1 SYSTEMPATH\Format\JSONFormatter.php(45): CodeIgniter\Format\Exceptions\FormatException::forInvalidJSON('Malformed UTF-8 characters, possibly incorrectly encoded')
 2 SYSTEMPATH\HTTP\ResponseTrait.php(249): CodeIgniter\Format\JSONFormatter->format([...])
 3 SYSTEMPATH\HTTP\ResponseTrait.php(175): CodeIgniter\HTTP\Response->formatBody([...], 'json')
 4 APPPATH\Controllers\SecuritechController.php(124): CodeIgniter\HTTP\Response->setJSON([...])
 5 SYSTEMPATH\CodeIgniter.php(933): App\Controllers\SecuritechController->getStudent('1')
 6 SYSTEMPATH\CodeIgniter.php(509): CodeIgniter\CodeIgniter->runController(Object(App\Controllers\SecuritechController))
 7 SYSTEMPATH\CodeIgniter.php(355): CodeIgniter\CodeIgniter->handleRequest(null, Object(Config\Cache), false)
 8 SYSTEMPATH\Boot.php(325): CodeIgniter\CodeIgniter->run()
 9 SYSTEMPATH\Boot.php(67): CodeIgniter\Boot::runCodeIgniter(Object(CodeIgniter\CodeIgniter))
10 FCPATH\index.php(56): CodeIgniter\Boot::bootWeb(Object(Config\Paths))
CRITICAL - 2024-07-10 14:04:40 --> CodeIgniter\Format\Exceptions\FormatException: Failed to parse JSON string. Error: Malformed UTF-8 characters, possibly incorrectly encoded
[Method: GET, Route: admin_Students/getStudent/3]
in SYSTEMPATH\Format\JSONFormatter.php on line 45.
 1 SYSTEMPATH\Format\JSONFormatter.php(45): CodeIgniter\Format\Exceptions\FormatException::forInvalidJSON('Malformed UTF-8 characters, possibly incorrectly encoded')
 2 SYSTEMPATH\HTTP\ResponseTrait.php(249): CodeIgniter\Format\JSONFormatter->format([...])
 3 SYSTEMPATH\HTTP\ResponseTrait.php(175): CodeIgniter\HTTP\Response->formatBody([...], 'json')
 4 APPPATH\Controllers\SecuritechController.php(124): CodeIgniter\HTTP\Response->setJSON([...])
 5 SYSTEMPATH\CodeIgniter.php(933): App\Controllers\SecuritechController->getStudent('3')
 6 SYSTEMPATH\CodeIgniter.php(509): CodeIgniter\CodeIgniter->runController(Object(App\Controllers\SecuritechController))
 7 SYSTEMPATH\CodeIgniter.php(355): CodeIgniter\CodeIgniter->handleRequest(null, Object(Config\Cache), false)
 8 SYSTEMPATH\Boot.php(325): CodeIgniter\CodeIgniter->run()
 9 SYSTEMPATH\Boot.php(67): CodeIgniter\Boot::runCodeIgniter(Object(CodeIgniter\CodeIgniter))
10 FCPATH\index.php(56): CodeIgniter\Boot::bootWeb(Object(Config\Paths))
CRITICAL - 2024-07-10 14:15:58 --> CodeIgniter\Format\Exceptions\FormatException: Failed to parse JSON string. Error: Malformed UTF-8 characters, possibly incorrectly encoded
[Method: GET, Route: admin_Students/getStudent/1]
in SYSTEMPATH\Format\JSONFormatter.php on line 45.
 1 SYSTEMPATH\Format\JSONFormatter.php(45): CodeIgniter\Format\Exceptions\FormatException::forInvalidJSON('Malformed UTF-8 characters, possibly incorrectly encoded')
 2 SYSTEMPATH\HTTP\ResponseTrait.php(249): CodeIgniter\Format\JSONFormatter->format([...])
 3 SYSTEMPATH\HTTP\ResponseTrait.php(175): CodeIgniter\HTTP\Response->formatBody([...], 'json')
 4 APPPATH\Controllers\SecuritechController.php(125): CodeIgniter\HTTP\Response->setJSON([...])
 5 SYSTEMPATH\CodeIgniter.php(933): App\Controllers\SecuritechController->getStudent('1')
 6 SYSTEMPATH\CodeIgniter.php(509): CodeIgniter\CodeIgniter->runController(Object(App\Controllers\SecuritechController))
 7 SYSTEMPATH\CodeIgniter.php(355): CodeIgniter\CodeIgniter->handleRequest(null, Object(Config\Cache), false)
 8 SYSTEMPATH\Boot.php(325): CodeIgniter\CodeIgniter->run()
 9 SYSTEMPATH\Boot.php(67): CodeIgniter\Boot::runCodeIgniter(Object(CodeIgniter\CodeIgniter))
10 FCPATH\index.php(56): CodeIgniter\Boot::bootWeb(Object(Config\Paths))
CRITICAL - 2024-07-10 14:18:51 --> CodeIgniter\Format\Exceptions\FormatException: Failed to parse JSON string. Error: Malformed UTF-8 characters, possibly incorrectly encoded
[Method: GET, Route: admin_Students/getStudent/1]
in SYSTEMPATH\Format\JSONFormatter.php on line 45.
 1 SYSTEMPATH\Format\JSONFormatter.php(45): CodeIgniter\Format\Exceptions\FormatException::forInvalidJSON('Malformed UTF-8 characters, possibly incorrectly encoded')
 2 SYSTEMPATH\HTTP\ResponseTrait.php(249): CodeIgniter\Format\JSONFormatter->format([...])
 3 SYSTEMPATH\HTTP\ResponseTrait.php(175): CodeIgniter\HTTP\Response->formatBody([...], 'json')
 4 APPPATH\Controllers\SecuritechController.php(125): CodeIgniter\HTTP\Response->setJSON([...])
 5 SYSTEMPATH\CodeIgniter.php(933): App\Controllers\SecuritechController->getStudent('1')
 6 SYSTEMPATH\CodeIgniter.php(509): CodeIgniter\CodeIgniter->runController(Object(App\Controllers\SecuritechController))
 7 SYSTEMPATH\CodeIgniter.php(355): CodeIgniter\CodeIgniter->handleRequest(null, Object(Config\Cache), false)
 8 SYSTEMPATH\Boot.php(325): CodeIgniter\CodeIgniter->run()
 9 SYSTEMPATH\Boot.php(67): CodeIgniter\Boot::runCodeIgniter(Object(CodeIgniter\CodeIgniter))
10 FCPATH\index.php(56): CodeIgniter\Boot::bootWeb(Object(Config\Paths))
CRITICAL - 2024-07-10 14:23:37 --> CodeIgniter\Format\Exceptions\FormatException: Failed to parse JSON string. Error: Malformed UTF-8 characters, possibly incorrectly encoded
[Method: GET, Route: admin_Students/getStudent/1]
in SYSTEMPATH\Format\JSONFormatter.php on line 45.
 1 SYSTEMPATH\Format\JSONFormatter.php(45): CodeIgniter\Format\Exceptions\FormatException::forInvalidJSON('Malformed UTF-8 characters, possibly incorrectly encoded')
 2 SYSTEMPATH\HTTP\ResponseTrait.php(249): CodeIgniter\Format\JSONFormatter->format([...])
 3 SYSTEMPATH\HTTP\ResponseTrait.php(175): CodeIgniter\HTTP\Response->formatBody([...], 'json')
 4 APPPATH\Controllers\SecuritechController.php(125): CodeIgniter\HTTP\Response->setJSON([...])
 5 SYSTEMPATH\CodeIgniter.php(933): App\Controllers\SecuritechController->getStudent('1')
 6 SYSTEMPATH\CodeIgniter.php(509): CodeIgniter\CodeIgniter->runController(Object(App\Controllers\SecuritechController))
 7 SYSTEMPATH\CodeIgniter.php(355): CodeIgniter\CodeIgniter->handleRequest(null, Object(Config\Cache), false)
 8 SYSTEMPATH\Boot.php(325): CodeIgniter\CodeIgniter->run()
 9 SYSTEMPATH\Boot.php(67): CodeIgniter\Boot::runCodeIgniter(Object(CodeIgniter\CodeIgniter))
10 FCPATH\index.php(56): CodeIgniter\Boot::bootWeb(Object(Config\Paths))
CRITICAL - 2024-07-10 14:23:40 --> CodeIgniter\Format\Exceptions\FormatException: Failed to parse JSON string. Error: Malformed UTF-8 characters, possibly incorrectly encoded
[Method: GET, Route: admin_Students/getStudent/2]
in SYSTEMPATH\Format\JSONFormatter.php on line 45.
 1 SYSTEMPATH\Format\JSONFormatter.php(45): CodeIgniter\Format\Exceptions\FormatException::forInvalidJSON('Malformed UTF-8 characters, possibly incorrectly encoded')
 2 SYSTEMPATH\HTTP\ResponseTrait.php(249): CodeIgniter\Format\JSONFormatter->format([...])
 3 SYSTEMPATH\HTTP\ResponseTrait.php(175): CodeIgniter\HTTP\Response->formatBody([...], 'json')
 4 APPPATH\Controllers\SecuritechController.php(125): CodeIgniter\HTTP\Response->setJSON([...])
 5 SYSTEMPATH\CodeIgniter.php(933): App\Controllers\SecuritechController->getStudent('2')
 6 SYSTEMPATH\CodeIgniter.php(509): CodeIgniter\CodeIgniter->runController(Object(App\Controllers\SecuritechController))
 7 SYSTEMPATH\CodeIgniter.php(355): CodeIgniter\CodeIgniter->handleRequest(null, Object(Config\Cache), false)
 8 SYSTEMPATH\Boot.php(325): CodeIgniter\CodeIgniter->run()
 9 SYSTEMPATH\Boot.php(67): CodeIgniter\Boot::runCodeIgniter(Object(CodeIgniter\CodeIgniter))
10 FCPATH\index.php(56): CodeIgniter\Boot::bootWeb(Object(Config\Paths))
CRITICAL - 2024-07-10 14:28:15 --> CodeIgniter\Format\Exceptions\FormatException: Failed to parse JSON string. Error: Malformed UTF-8 characters, possibly incorrectly encoded
[Method: GET, Route: admin_Students/getStudent/3]
in SYSTEMPATH\Format\JSONFormatter.php on line 45.
 1 SYSTEMPATH\Format\JSONFormatter.php(45): CodeIgniter\Format\Exceptions\FormatException::forInvalidJSON('Malformed UTF-8 characters, possibly incorrectly encoded')
 2 SYSTEMPATH\HTTP\ResponseTrait.php(249): CodeIgniter\Format\JSONFormatter->format([...])
 3 SYSTEMPATH\HTTP\ResponseTrait.php(175): CodeIgniter\HTTP\Response->formatBody([...], 'json')
 4 APPPATH\Controllers\SecuritechController.php(125): CodeIgniter\HTTP\Response->setJSON([...])
 5 SYSTEMPATH\CodeIgniter.php(933): App\Controllers\SecuritechController->getStudent('3')
 6 SYSTEMPATH\CodeIgniter.php(509): CodeIgniter\CodeIgniter->runController(Object(App\Controllers\SecuritechController))
 7 SYSTEMPATH\CodeIgniter.php(355): CodeIgniter\CodeIgniter->handleRequest(null, Object(Config\Cache), false)
 8 SYSTEMPATH\Boot.php(325): CodeIgniter\CodeIgniter->run()
 9 SYSTEMPATH\Boot.php(67): CodeIgniter\Boot::runCodeIgniter(Object(CodeIgniter\CodeIgniter))
10 FCPATH\index.php(56): CodeIgniter\Boot::bootWeb(Object(Config\Paths))
CRITICAL - 2024-07-10 14:28:17 --> CodeIgniter\Format\Exceptions\FormatException: Failed to parse JSON string. Error: Malformed UTF-8 characters, possibly incorrectly encoded
[Method: GET, Route: admin_Students/getStudent/1]
in SYSTEMPATH\Format\JSONFormatter.php on line 45.
 1 SYSTEMPATH\Format\JSONFormatter.php(45): CodeIgniter\Format\Exceptions\FormatException::forInvalidJSON('Malformed UTF-8 characters, possibly incorrectly encoded')
 2 SYSTEMPATH\HTTP\ResponseTrait.php(249): CodeIgniter\Format\JSONFormatter->format([...])
 3 SYSTEMPATH\HTTP\ResponseTrait.php(175): CodeIgniter\HTTP\Response->formatBody([...], 'json')
 4 APPPATH\Controllers\SecuritechController.php(125): CodeIgniter\HTTP\Response->setJSON([...])
 5 SYSTEMPATH\CodeIgniter.php(933): App\Controllers\SecuritechController->getStudent('1')
 6 SYSTEMPATH\CodeIgniter.php(509): CodeIgniter\CodeIgniter->runController(Object(App\Controllers\SecuritechController))
 7 SYSTEMPATH\CodeIgniter.php(355): CodeIgniter\CodeIgniter->handleRequest(null, Object(Config\Cache), false)
 8 SYSTEMPATH\Boot.php(325): CodeIgniter\CodeIgniter->run()
 9 SYSTEMPATH\Boot.php(67): CodeIgniter\Boot::runCodeIgniter(Object(CodeIgniter\CodeIgniter))
10 FCPATH\index.php(56): CodeIgniter\Boot::bootWeb(Object(Config\Paths))
CRITICAL - 2024-07-10 14:33:18 --> CodeIgniter\Format\Exceptions\FormatException: Failed to parse JSON string. Error: Malformed UTF-8 characters, possibly incorrectly encoded
[Method: GET, Route: admin_Students/getStudent/1]
in SYSTEMPATH\Format\JSONFormatter.php on line 45.
 1 SYSTEMPATH\Format\JSONFormatter.php(45): CodeIgniter\Format\Exceptions\FormatException::forInvalidJSON('Malformed UTF-8 characters, possibly incorrectly encoded')
 2 SYSTEMPATH\HTTP\ResponseTrait.php(249): CodeIgniter\Format\JSONFormatter->format([...])
 3 SYSTEMPATH\HTTP\ResponseTrait.php(175): CodeIgniter\HTTP\Response->formatBody([...], 'json')
 4 APPPATH\Controllers\SecuritechController.php(125): CodeIgniter\HTTP\Response->setJSON([...])
 5 SYSTEMPATH\CodeIgniter.php(933): App\Controllers\SecuritechController->getStudent('1')
 6 SYSTEMPATH\CodeIgniter.php(509): CodeIgniter\CodeIgniter->runController(Object(App\Controllers\SecuritechController))
 7 SYSTEMPATH\CodeIgniter.php(355): CodeIgniter\CodeIgniter->handleRequest(null, Object(Config\Cache), false)
 8 SYSTEMPATH\Boot.php(325): CodeIgniter\CodeIgniter->run()
 9 SYSTEMPATH\Boot.php(67): CodeIgniter\Boot::runCodeIgniter(Object(CodeIgniter\CodeIgniter))
10 FCPATH\index.php(56): CodeIgniter\Boot::bootWeb(Object(Config\Paths))
CRITICAL - 2024-07-10 14:33:46 --> CodeIgniter\Format\Exceptions\FormatException: Failed to parse JSON string. Error: Malformed UTF-8 characters, possibly incorrectly encoded
[Method: GET, Route: admin_Students/getStudent/1]
in SYSTEMPATH\Format\JSONFormatter.php on line 45.
 1 SYSTEMPATH\Format\JSONFormatter.php(45): CodeIgniter\Format\Exceptions\FormatException::forInvalidJSON('Malformed UTF-8 characters, possibly incorrectly encoded')
 2 SYSTEMPATH\HTTP\ResponseTrait.php(249): CodeIgniter\Format\JSONFormatter->format([...])
 3 SYSTEMPATH\HTTP\ResponseTrait.php(175): CodeIgniter\HTTP\Response->formatBody([...], 'json')
 4 APPPATH\Controllers\SecuritechController.php(125): CodeIgniter\HTTP\Response->setJSON([...])
 5 SYSTEMPATH\CodeIgniter.php(933): App\Controllers\SecuritechController->getStudent('1')
 6 SYSTEMPATH\CodeIgniter.php(509): CodeIgniter\CodeIgniter->runController(Object(App\Controllers\SecuritechController))
 7 SYSTEMPATH\CodeIgniter.php(355): CodeIgniter\CodeIgniter->handleRequest(null, Object(Config\Cache), false)
 8 SYSTEMPATH\Boot.php(325): CodeIgniter\CodeIgniter->run()
 9 SYSTEMPATH\Boot.php(67): CodeIgniter\Boot::runCodeIgniter(Object(CodeIgniter\CodeIgniter))
10 FCPATH\index.php(56): CodeIgniter\Boot::bootWeb(Object(Config\Paths))
CRITICAL - 2024-07-10 14:37:49 --> CodeIgniter\Format\Exceptions\FormatException: Failed to parse JSON string. Error: Malformed UTF-8 characters, possibly incorrectly encoded
[Method: GET, Route: admin_Students/getStudent/1]
in SYSTEMPATH\Format\JSONFormatter.php on line 45.
 1 SYSTEMPATH\Format\JSONFormatter.php(45): CodeIgniter\Format\Exceptions\FormatException::forInvalidJSON('Malformed UTF-8 characters, possibly incorrectly encoded')
 2 SYSTEMPATH\HTTP\ResponseTrait.php(249): CodeIgniter\Format\JSONFormatter->format([...])
 3 SYSTEMPATH\HTTP\ResponseTrait.php(175): CodeIgniter\HTTP\Response->formatBody([...], 'json')
 4 APPPATH\Controllers\SecuritechController.php(125): CodeIgniter\HTTP\Response->setJSON([...])
 5 SYSTEMPATH\CodeIgniter.php(933): App\Controllers\SecuritechController->getStudent('1')
 6 SYSTEMPATH\CodeIgniter.php(509): CodeIgniter\CodeIgniter->runController(Object(App\Controllers\SecuritechController))
 7 SYSTEMPATH\CodeIgniter.php(355): CodeIgniter\CodeIgniter->handleRequest(null, Object(Config\Cache), false)
 8 SYSTEMPATH\Boot.php(325): CodeIgniter\CodeIgniter->run()
 9 SYSTEMPATH\Boot.php(67): CodeIgniter\Boot::runCodeIgniter(Object(CodeIgniter\CodeIgniter))
10 FCPATH\index.php(56): CodeIgniter\Boot::bootWeb(Object(Config\Paths))
CRITICAL - 2024-07-10 14:48:39 --> CodeIgniter\Format\Exceptions\FormatException: Failed to parse JSON string. Error: Malformed UTF-8 characters, possibly incorrectly encoded
[Method: GET, Route: admin_Students/getStudent/2]
in SYSTEMPATH\Format\JSONFormatter.php on line 45.
 1 SYSTEMPATH\Format\JSONFormatter.php(45): CodeIgniter\Format\Exceptions\FormatException::forInvalidJSON('Malformed UTF-8 characters, possibly incorrectly encoded')
 2 SYSTEMPATH\HTTP\ResponseTrait.php(249): CodeIgniter\Format\JSONFormatter->format([...])
 3 SYSTEMPATH\HTTP\ResponseTrait.php(175): CodeIgniter\HTTP\Response->formatBody([...], 'json')
 4 APPPATH\Controllers\SecuritechController.php(125): CodeIgniter\HTTP\Response->setJSON([...])
 5 SYSTEMPATH\CodeIgniter.php(933): App\Controllers\SecuritechController->getStudent('2')
 6 SYSTEMPATH\CodeIgniter.php(509): CodeIgniter\CodeIgniter->runController(Object(App\Controllers\SecuritechController))
 7 SYSTEMPATH\CodeIgniter.php(355): CodeIgniter\CodeIgniter->handleRequest(null, Object(Config\Cache), false)
 8 SYSTEMPATH\Boot.php(325): CodeIgniter\CodeIgniter->run()
 9 SYSTEMPATH\Boot.php(67): CodeIgniter\Boot::runCodeIgniter(Object(CodeIgniter\CodeIgniter))
10 FCPATH\index.php(56): CodeIgniter\Boot::bootWeb(Object(Config\Paths))
CRITICAL - 2024-07-10 14:50:54 --> CodeIgniter\Format\Exceptions\FormatException: Failed to parse JSON string. Error: Malformed UTF-8 characters, possibly incorrectly encoded
[Method: GET, Route: admin_Students/getStudent/2]
in SYSTEMPATH\Format\JSONFormatter.php on line 45.
 1 SYSTEMPATH\Format\JSONFormatter.php(45): CodeIgniter\Format\Exceptions\FormatException::forInvalidJSON('Malformed UTF-8 characters, possibly incorrectly encoded')
 2 SYSTEMPATH\HTTP\ResponseTrait.php(249): CodeIgniter\Format\JSONFormatter->format([...])
 3 SYSTEMPATH\HTTP\ResponseTrait.php(175): CodeIgniter\HTTP\Response->formatBody([...], 'json')
 4 APPPATH\Controllers\SecuritechController.php(125): CodeIgniter\HTTP\Response->setJSON([...])
 5 SYSTEMPATH\CodeIgniter.php(933): App\Controllers\SecuritechController->getStudent('2')
 6 SYSTEMPATH\CodeIgniter.php(509): CodeIgniter\CodeIgniter->runController(Object(App\Controllers\SecuritechController))
 7 SYSTEMPATH\CodeIgniter.php(355): CodeIgniter\CodeIgniter->handleRequest(null, Object(Config\Cache), false)
 8 SYSTEMPATH\Boot.php(325): CodeIgniter\CodeIgniter->run()
 9 SYSTEMPATH\Boot.php(67): CodeIgniter\Boot::runCodeIgniter(Object(CodeIgniter\CodeIgniter))
10 FCPATH\index.php(56): CodeIgniter\Boot::bootWeb(Object(Config\Paths))
CRITICAL - 2024-07-10 14:53:52 --> CodeIgniter\View\Exceptions\ViewException: Invalid file: ".php"
[Method: GET, Route: admin_Students]
in SYSTEMPATH\Exceptions\FrameworkException.php on line 41.
 1 SYSTEMPATH\View\View.php(222): CodeIgniter\Exceptions\FrameworkException::forInvalidFile('.php')
 2 SYSTEMPATH\View\View.php(487): CodeIgniter\View\View->render('', null, true)
 3 APPPATH\Views\admin\admin_Students.php(22): CodeIgniter\View\View->include('')
 4 SYSTEMPATH\View\View.php(234): include('C:\\xampp\\htdocs\\Securitech\\app\\Views\\admin\\admin_Students.php')
 5 SYSTEMPATH\View\View.php(237): CodeIgniter\View\View->CodeIgniter\View\{closure}()
 6 SYSTEMPATH\Common.php(1171): CodeIgniter\View\View->render('admin/admin_Students', [], true)
 7 APPPATH\Controllers\SecuritechController.php(24): view('admin/admin_Students', [...])
 8 SYSTEMPATH\CodeIgniter.php(933): App\Controllers\SecuritechController->student()
 9 SYSTEMPATH\CodeIgniter.php(509): CodeIgniter\CodeIgniter->runController(Object(App\Controllers\SecuritechController))
10 SYSTEMPATH\CodeIgniter.php(355): CodeIgniter\CodeIgniter->handleRequest(null, Object(Config\Cache), false)
11 SYSTEMPATH\Boot.php(325): CodeIgniter\CodeIgniter->run()
12 SYSTEMPATH\Boot.php(67): CodeIgniter\Boot::runCodeIgniter(Object(CodeIgniter\CodeIgniter))
13 FCPATH\index.php(56): CodeIgniter\Boot::bootWeb(Object(Config\Paths))
